<?xml version="1.0" encoding="utf-8"?>
<test-run id="2" testcasecount="369" result="Passed" total="369" passed="369" failed="0" inconclusive="0" skipped="0" asserts="0" engine-version="3.5.0.0" clr-version="4.0.30319.42000" start-time="2026-06-23 15:25:11Z" end-time="2026-06-23 15:25:25Z" duration="13.5934405">
  <test-suite type="TestSuite" id="1493" name="UnityProject" fullname="UnityProject" runstate="Runnable" testcasecount="369" result="Passed" start-time="2026-06-23 15:25:11Z" end-time="2026-06-23 15:25:25Z" duration="13.593441" total="369" passed="369" failed="0" inconclusive="0" skipped="0" asserts="0">
    <properties />
    <test-suite type="Assembly" id="1712" name="Change.Framework.EditModeTests.dll" fullname="/Users/andy/Workspace/github/andycai/fun/.claude/worktrees/window-manager/UnityProject/Library/ScriptAssemblies/Change.Framework.EditModeTests.dll" runstate="Runnable" testcasecount="177" result="Passed" start-time="2026-06-23 15:25:11Z" end-time="2026-06-23 15:25:23Z" duration="11.895359" total="177" passed="177" failed="0" inconclusive="0" skipped="0" asserts="0">
      <properties>
        <property name="_PID" value="28916" />
        <property name="_APPDOMAIN" value="Unity Child Domain" />
        <property name="platform" value="EditMode" />
      </properties>
      <test-suite type="TestSuite" id="1713" name="Change" fullname="Change" runstate="Runnable" testcasecount="177" result="Passed" start-time="2026-06-23 15:25:11Z" end-time="2026-06-23 15:25:23Z" duration="11.895135" total="177" passed="177" failed="0" inconclusive="0" skipped="0" asserts="0">
        <properties />
        <test-suite type="TestSuite" id="1714" name="Framework" fullname="Change.Framework" runstate="Runnable" testcasecount="177" result="Passed" start-time="2026-06-23 15:25:11Z" end-time="2026-06-23 15:25:23Z" duration="11.891446" total="177" passed="177" failed="0" inconclusive="0" skipped="0" asserts="0">
          <properties />
          <test-suite type="TestSuite" id="1715" name="Fsm" fullname="Change.Framework.Fsm" runstate="Runnable" testcasecount="21" result="Passed" start-time="2026-06-23 15:25:11Z" end-time="2026-06-23 15:25:11Z" duration="0.059470" total="21" passed="21" failed="0" inconclusive="0" skipped="0" asserts="0">
            <properties />
            <test-suite type="TestSuite" id="1716" name="Tests" fullname="Change.Framework.Fsm.Tests" runstate="Runnable" testcasecount="21" result="Passed" start-time="2026-06-23 15:25:11Z" end-time="2026-06-23 15:25:11Z" duration="0.055598" total="21" passed="21" failed="0" inconclusive="0" skipped="0" asserts="0">
              <properties />
              <test-suite type="TestFixture" id="1494" name="StateMachineExceptionTests" fullname="Change.Framework.Fsm.Tests.StateMachineExceptionTests" classname="Change.Framework.Fsm.Tests.StateMachineExceptionTests" runstate="Runnable" testcasecount="5" result="Passed" start-time="2026-06-23 15:25:11Z" end-time="2026-06-23 15:25:11Z" duration="0.022292" total="5" passed="5" failed="0" inconclusive="0" skipped="0" asserts="0">
                <properties />
                <test-case id="1495" name="ChangeState_UnknownTarget_ThrowsInvalidOperationException" fullname="Change.Framework.Fsm.Tests.StateMachineExceptionTests.ChangeState_UnknownTarget_ThrowsInvalidOperationException" methodname="ChangeState_UnknownTarget_ThrowsInvalidOperationException" classname="Change.Framework.Fsm.Tests.StateMachineExceptionTests" runstate="Runnable" seed="2030596187" result="Passed" start-time="2026-06-23 15:25:11Z" end-time="2026-06-23 15:25:11Z" duration="0.008361" asserts="0">
                  <properties />
                </test-case>
                <test-case id="1499" name="Fire_WhenCallbackThrows_MarksAsFaultedAndBlocksFurtherOperations" fullname="Change.Framework.Fsm.Tests.StateMachineExceptionTests.Fire_WhenCallbackThrows_MarksAsFaultedAndBlocksFurtherOperations" methodname="Fire_WhenCallbackThrows_MarksAsFaultedAndBlocksFurtherOperations" classname="Change.Framework.Fsm.Tests.StateMachineExceptionTests" runstate="Runnable" seed="845726891" result="Passed" start-time="2026-06-23 15:25:11Z" end-time="2026-06-23 15:25:11Z" duration="0.000687" asserts="0">
                  <properties />
                </test-case>
                <test-case id="1497" name="Fire_WhenOnEnterThrows_WrapsExceptionWithTransitionContext" fullname="Change.Framework.Fsm.Tests.StateMachineExceptionTests.Fire_WhenOnEnterThrows_WrapsExceptionWithTransitionContext" methodname="Fire_WhenOnEnterThrows_WrapsExceptionWithTransitionContext" classname="Change.Framework.Fsm.Tests.StateMachineExceptionTests" runstate="Runnable" seed="1044583655" result="Passed" start-time="2026-06-23 15:25:11Z" end-time="2026-06-23 15:25:11Z" duration="0.002757" asserts="0">
                  <properties />
                </test-case>
                <test-case id="1496" name="Fire_WhenOnExitThrows_WrapsExceptionWithTransitionContext" fullname="Change.Framework.Fsm.Tests.StateMachineExceptionTests.Fire_WhenOnExitThrows_WrapsExceptionWithTransitionContext" methodname="Fire_WhenOnExitThrows_WrapsExceptionWithTransitionContext" classname="Change.Framework.Fsm.Tests.StateMachineExceptionTests" runstate="Runnable" seed="418566132" result="Passed" start-time="2026-06-23 15:25:11Z" end-time="2026-06-23 15:25:11Z" duration="0.000278" asserts="0">
                  <properties />
                </test-case>
                <test-case id="1498" name="Start_WhenInitialOnEnterThrows_ResetsMachineToNotStartedStateAndMarksAsFaulted" fullname="Change.Framework.Fsm.Tests.StateMachineExceptionTests.Start_WhenInitialOnEnterThrows_ResetsMachineToNotStartedStateAndMarksAsFaulted" methodname="Start_WhenInitialOnEnterThrows_ResetsMachineToNotStartedStateAndMarksAsFaulted" classname="Change.Framework.Fsm.Tests.StateMachineExceptionTests" runstate="Runnable" seed="1244031680" result="Passed" start-time="2026-06-23 15:25:11Z" end-time="2026-06-23 15:25:11Z" duration="0.001615" asserts="0">
                  <properties />
                </test-case>
              </test-suite>
              <test-suite type="TestFixture" id="1500" name="StateMachineQueueTests" fullname="Change.Framework.Fsm.Tests.StateMachineQueueTests" classname="Change.Framework.Fsm.Tests.StateMachineQueueTests" runstate="Runnable" testcasecount="4" result="Passed" start-time="2026-06-23 15:25:11Z" end-time="2026-06-23 15:25:11Z" duration="0.002084" total="4" passed="4" failed="0" inconclusive="0" skipped="0" asserts="0">
                <properties />
                <test-case id="1502" name="ChangeState_InsideOnEnter_IsSerializedWithoutReentrancyCrash" fullname="Change.Framework.Fsm.Tests.StateMachineQueueTests.ChangeState_InsideOnEnter_IsSerializedWithoutReentrancyCrash" methodname="ChangeState_InsideOnEnter_IsSerializedWithoutReentrancyCrash" classname="Change.Framework.Fsm.Tests.StateMachineQueueTests" runstate="Runnable" seed="1732106997" result="Passed" start-time="2026-06-23 15:25:11Z" end-time="2026-06-23 15:25:11Z" duration="0.000491" asserts="0">
                  <properties />
                </test-case>
                <test-case id="1504" name="ChangeState_InsideOnEvent_IsDeferredUntilOnEventReturns" fullname="Change.Framework.Fsm.Tests.StateMachineQueueTests.ChangeState_InsideOnEvent_IsDeferredUntilOnEventReturns" methodname="ChangeState_InsideOnEvent_IsDeferredUntilOnEventReturns" classname="Change.Framework.Fsm.Tests.StateMachineQueueTests" runstate="Runnable" seed="977721263" result="Passed" start-time="2026-06-23 15:25:11Z" end-time="2026-06-23 15:25:11Z" duration="0.000256" asserts="0">
                  <properties />
                </test-case>
                <test-case id="1503" name="Fire_InsideOnEnter_IsQueuedUntilOnEnterReturns" fullname="Change.Framework.Fsm.Tests.StateMachineQueueTests.Fire_InsideOnEnter_IsQueuedUntilOnEnterReturns" methodname="Fire_InsideOnEnter_IsQueuedUntilOnEnterReturns" classname="Change.Framework.Fsm.Tests.StateMachineQueueTests" runstate="Runnable" seed="945714779" result="Passed" start-time="2026-06-23 15:25:11Z" end-time="2026-06-23 15:25:11Z" duration="0.000279" asserts="0">
                  <properties />
                </test-case>
                <test-case id="1501" name="Fire_InsideOnEvent_IsQueuedAndProcessedInOrder" fullname="Change.Framework.Fsm.Tests.StateMachineQueueTests.Fire_InsideOnEvent_IsQueuedAndProcessedInOrder" methodname="Fire_InsideOnEvent_IsQueuedAndProcessedInOrder" classname="Change.Framework.Fsm.Tests.StateMachineQueueTests" runstate="Runnable" seed="797962401" result="Passed" start-time="2026-06-23 15:25:11Z" end-time="2026-06-23 15:25:11Z" duration="0.000239" asserts="0">
                  <properties />
                </test-case>
              </test-suite>
              <test-suite type="TestFixture" id="1505" name="StateMachineRegistrationTests" fullname="Change.Framework.Fsm.Tests.StateMachineRegistrationTests" classname="Change.Framework.Fsm.Tests.StateMachineRegistrationTests" runstate="Runnable" testcasecount="3" result="Passed" start-time="2026-06-23 15:25:11Z" end-time="2026-06-23 15:25:11Z" duration="0.014368" total="3" passed="3" failed="0" inconclusive="0" skipped="0" asserts="0">
                <properties />
                <test-case id="1506" name="Register_DuplicateId_ThrowsInvalidOperationException" fullname="Change.Framework.Fsm.Tests.StateMachineRegistrationTests.Register_DuplicateId_ThrowsInvalidOperationException" methodname="Register_DuplicateId_ThrowsInvalidOperationException" classname="Change.Framework.Fsm.Tests.StateMachineRegistrationTests" runstate="Runnable" seed="541353249" result="Passed" start-time="2026-06-23 15:25:11Z" end-time="2026-06-23 15:25:11Z" duration="0.000336" asserts="0">
                  <properties />
                </test-case>
                <test-case id="1508" name="Start_Twice_ThrowsInvalidOperationException" fullname="Change.Framework.Fsm.Tests.StateMachineRegistrationTests.Start_Twice_ThrowsInvalidOperationException" methodname="Start_Twice_ThrowsInvalidOperationException" classname="Change.Framework.Fsm.Tests.StateMachineRegistrationTests" runstate="Runnable" seed="2061818410" result="Passed" start-time="2026-06-23 15:25:11Z" end-time="2026-06-23 15:25:11Z" duration="0.000123" asserts="0">
                  <properties />
                </test-case>
                <test-case id="1507" name="Start_UnknownInitialState_ThrowsInvalidOperationException" fullname="Change.Framework.Fsm.Tests.StateMachineRegistrationTests.Start_UnknownInitialState_ThrowsInvalidOperationException" methodname="Start_UnknownInitialState_ThrowsInvalidOperationException" classname="Change.Framework.Fsm.Tests.StateMachineRegistrationTests" runstate="Runnable" seed="763656148" result="Passed" start-time="2026-06-23 15:25:11Z" end-time="2026-06-23 15:25:11Z" duration="0.000114" asserts="0">
                  <properties />
                </test-case>
              </test-suite>
              <test-suite type="TestFixture" id="1509" name="StateMachineSelfTransitionTests" fullname="Change.Framework.Fsm.Tests.StateMachineSelfTransitionTests" classname="Change.Framework.Fsm.Tests.StateMachineSelfTransitionTests" runstate="Runnable" testcasecount="3" result="Passed" start-time="2026-06-23 15:25:11Z" end-time="2026-06-23 15:25:11Z" duration="0.001065" total="3" passed="3" failed="0" inconclusive="0" skipped="0" asserts="0">
                <properties />
                <test-case id="1510" name="ChangeState_ToCurrentState_WhenAllowSelfTransitionIsTrue_ExecutesTransition" fullname="Change.Framework.Fsm.Tests.StateMachineSelfTransitionTests.ChangeState_ToCurrentState_WhenAllowSelfTransitionIsTrue_ExecutesTransition" methodname="ChangeState_ToCurrentState_WhenAllowSelfTransitionIsTrue_ExecutesTransition" classname="Change.Framework.Fsm.Tests.StateMachineSelfTransitionTests" runstate="Runnable" seed="880828127" result="Passed" start-time="2026-06-23 15:25:11Z" end-time="2026-06-23 15:25:11Z" duration="0.000149" asserts="0">
                  <properties />
                </test-case>
                <test-case id="1511" name="Fire_TransitionToSelf_WhenAllowSelfTransitionIsTrue_ExecutesTransition" fullname="Change.Framework.Fsm.Tests.StateMachineSelfTransitionTests.Fire_TransitionToSelf_WhenAllowSelfTransitionIsTrue_ExecutesTransition" methodname="Fire_TransitionToSelf_WhenAllowSelfTransitionIsTrue_ExecutesTransition" classname="Change.Framework.Fsm.Tests.StateMachineSelfTransitionTests" runstate="Runnable" seed="959454558" result="Passed" start-time="2026-06-23 15:25:11Z" end-time="2026-06-23 15:25:11Z" duration="0.000214" asserts="0">
                  <properties />
                </test-case>
                <test-case id="1512" name="FsmResult_NextStateId_ThrowsWhenNoTransition" fullname="Change.Framework.Fsm.Tests.StateMachineSelfTransitionTests.FsmResult_NextStateId_ThrowsWhenNoTransition" methodname="FsmResult_NextStateId_ThrowsWhenNoTransition" classname="Change.Framework.Fsm.Tests.StateMachineSelfTransitionTests" runstate="Runnable" seed="2054621604" result="Passed" start-time="2026-06-23 15:25:11Z" end-time="2026-06-23 15:25:11Z" duration="0.000111" asserts="0">
                  <properties />
                </test-case>
              </test-suite>
              <test-suite type="TestFixture" id="1513" name="StateMachineStartTests" fullname="Change.Framework.Fsm.Tests.StateMachineStartTests" classname="Change.Framework.Fsm.Tests.StateMachineStartTests" runstate="Runnable" testcasecount="2" result="Passed" start-time="2026-06-23 15:25:11Z" end-time="2026-06-23 15:25:11Z" duration="0.004556" total="2" passed="2" failed="0" inconclusive="0" skipped="0" asserts="0">
                <properties />
                <test-case id="1515" name="Fire_BeforeStart_ThrowsInvalidOperationException" fullname="Change.Framework.Fsm.Tests.StateMachineStartTests.Fire_BeforeStart_ThrowsInvalidOperationException" methodname="Fire_BeforeStart_ThrowsInvalidOperationException" classname="Change.Framework.Fsm.Tests.StateMachineStartTests" runstate="Runnable" seed="1100658531" result="Passed" start-time="2026-06-23 15:25:11Z" end-time="2026-06-23 15:25:11Z" duration="0.000149" asserts="0">
                  <properties />
                </test-case>
                <test-case id="1514" name="Start_EntersInitialState" fullname="Change.Framework.Fsm.Tests.StateMachineStartTests.Start_EntersInitialState" methodname="Start_EntersInitialState" classname="Change.Framework.Fsm.Tests.StateMachineStartTests" runstate="Runnable" seed="2079498235" result="Passed" start-time="2026-06-23 15:25:11Z" end-time="2026-06-23 15:25:11Z" duration="0.000117" asserts="0">
                  <properties />
                </test-case>
              </test-suite>
              <test-suite type="TestFixture" id="1516" name="StateMachineTransitionTests" fullname="Change.Framework.Fsm.Tests.StateMachineTransitionTests" classname="Change.Framework.Fsm.Tests.StateMachineTransitionTests" runstate="Runnable" testcasecount="4" result="Passed" start-time="2026-06-23 15:25:11Z" end-time="2026-06-23 15:25:11Z" duration="0.006559" total="4" passed="4" failed="0" inconclusive="0" skipped="0" asserts="0">
                <properties />
                <test-case id="1520" name="ChangeState_EquivalentStateIdByCustomComparer_IsNoOp" fullname="Change.Framework.Fsm.Tests.StateMachineTransitionTests.ChangeState_EquivalentStateIdByCustomComparer_IsNoOp" methodname="ChangeState_EquivalentStateIdByCustomComparer_IsNoOp" classname="Change.Framework.Fsm.Tests.StateMachineTransitionTests" runstate="Runnable" seed="1821893957" result="Passed" start-time="2026-06-23 15:25:11Z" end-time="2026-06-23 15:25:11Z" duration="0.001472" asserts="0">
                  <properties />
                </test-case>
                <test-case id="1519" name="ChangeState_ToCurrentState_IsNoOp" fullname="Change.Framework.Fsm.Tests.StateMachineTransitionTests.ChangeState_ToCurrentState_IsNoOp" methodname="ChangeState_ToCurrentState_IsNoOp" classname="Change.Framework.Fsm.Tests.StateMachineTransitionTests" runstate="Runnable" seed="1519816492" result="Passed" start-time="2026-06-23 15:25:11Z" end-time="2026-06-23 15:25:11Z" duration="0.000097" asserts="0">
                  <properties />
                </test-case>
                <test-case id="1517" name="Fire_HandledOrIgnored_DoesNotTransition" fullname="Change.Framework.Fsm.Tests.StateMachineTransitionTests.Fire_HandledOrIgnored_DoesNotTransition" methodname="Fire_HandledOrIgnored_DoesNotTransition" classname="Change.Framework.Fsm.Tests.StateMachineTransitionTests" runstate="Runnable" seed="2125136374" result="Passed" start-time="2026-06-23 15:25:11Z" end-time="2026-06-23 15:25:11Z" duration="0.000245" asserts="0">
                  <properties />
                </test-case>
                <test-case id="1518" name="Fire_Transition_ExecutesExitEnterThenPublishesStateChanged" fullname="Change.Framework.Fsm.Tests.StateMachineTransitionTests.Fire_Transition_ExecutesExitEnterThenPublishesStateChanged" methodname="Fire_Transition_ExecutesExitEnterThenPublishesStateChanged" classname="Change.Framework.Fsm.Tests.StateMachineTransitionTests" runstate="Runnable" seed="428532702" result="Passed" start-time="2026-06-23 15:25:11Z" end-time="2026-06-23 15:25:11Z" duration="0.000384" asserts="0">
                  <properties />
                </test-case>
              </test-suite>
            </test-suite>
          </test-suite>
          <test-suite type="TestSuite" id="1717" name="Tests" fullname="Change.Framework.Tests" runstate="Runnable" testcasecount="156" result="Passed" start-time="2026-06-23 15:25:11Z" end-time="2026-06-23 15:25:23Z" duration="11.827854" total="156" passed="156" failed="0" inconclusive="0" skipped="0" asserts="0">
            <properties />
            <test-suite type="TestFixture" id="1583" name="AbilityLifecycleTests" fullname="Change.Framework.Tests.AbilityLifecycleTests" classname="Change.Framework.Tests.AbilityLifecycleTests" runstate="Runnable" testcasecount="3" result="Passed" start-time="2026-06-23 15:25:11Z" end-time="2026-06-23 15:25:11Z" duration="0.005987" total="3" passed="3" failed="0" inconclusive="0" skipped="0" asserts="0">
              <properties />
              <test-case id="1584" name="ActiveAbility_ActivateAndTick_TransitionsThroughCooldownAndRestoresCharges" fullname="Change.Framework.Tests.AbilityLifecycleTests.ActiveAbility_ActivateAndTick_TransitionsThroughCooldownAndRestoresCharges" methodname="ActiveAbility_ActivateAndTick_TransitionsThroughCooldownAndRestoresCharges" classname="Change.Framework.Tests.AbilityLifecycleTests" runstate="Runnable" seed="1638347432" result="Passed" start-time="2026-06-23 15:25:11Z" end-time="2026-06-23 15:25:11Z" duration="0.001400" asserts="0">
                <properties />
              </test-case>
              <test-case id="1585" name="ActiveAbility_ActivateWhenCannotActivate_ThrowsInvalidOperationException" fullname="Change.Framework.Tests.AbilityLifecycleTests.ActiveAbility_ActivateWhenCannotActivate_ThrowsInvalidOperationException" methodname="ActiveAbility_ActivateWhenCannotActivate_ThrowsInvalidOperationException" classname="Change.Framework.Tests.AbilityLifecycleTests" runstate="Runnable" seed="2015657247" result="Passed" start-time="2026-06-23 15:25:11Z" end-time="2026-06-23 15:25:11Z" duration="0.000142" asserts="0">
                <properties />
              </test-case>
              <test-case id="1586" name="PassiveAbility_ManualActivate_ThrowsInvalidOperationException" fullname="Change.Framework.Tests.AbilityLifecycleTests.PassiveAbility_ManualActivate_ThrowsInvalidOperationException" methodname="PassiveAbility_ManualActivate_ThrowsInvalidOperationException" classname="Change.Framework.Tests.AbilityLifecycleTests" runstate="Runnable" seed="1851289340" result="Passed" start-time="2026-06-23 15:25:11Z" end-time="2026-06-23 15:25:11Z" duration="0.000159" asserts="0">
                <properties />
              </test-case>
            </test-suite>
            <test-suite type="TestSuite" id="1723" name="Application" fullname="Change.Framework.Tests.Application" runstate="Runnable" testcasecount="7" result="Passed" start-time="2026-06-23 15:25:11Z" end-time="2026-06-23 15:25:11Z" duration="0.007326" total="7" passed="7" failed="0" inconclusive="0" skipped="0" asserts="0">
              <properties />
              <test-suite type="TestFixture" id="1704" name="ApplicationContractsTests" fullname="Change.Framework.Tests.Application.ApplicationContractsTests" classname="Change.Framework.Tests.Application.ApplicationContractsTests" runstate="Runnable" testcasecount="7" result="Passed" start-time="2026-06-23 15:25:11Z" end-time="2026-06-23 15:25:11Z" duration="0.005792" total="7" passed="7" failed="0" inconclusive="0" skipped="0" asserts="0">
                <properties />
                <test-case id="1711" name="AppFacade_CanWrapUseCaseExecution" fullname="Change.Framework.Tests.Application.ApplicationContractsTests.AppFacade_CanWrapUseCaseExecution" methodname="AppFacade_CanWrapUseCaseExecution" classname="Change.Framework.Tests.Application.ApplicationContractsTests" runstate="Runnable" seed="1891752522" result="Passed" start-time="2026-06-23 15:25:11Z" end-time="2026-06-23 15:25:11Z" duration="0.000170" asserts="0">
                  <properties />
                </test-case>
                <test-case id="1710" name="Presenter_OnOpenAndOnClose_CanDriveLifecycle" fullname="Change.Framework.Tests.Application.ApplicationContractsTests.Presenter_OnOpenAndOnClose_CanDriveLifecycle" methodname="Presenter_OnOpenAndOnClose_CanDriveLifecycle" classname="Change.Framework.Tests.Application.ApplicationContractsTests" runstate="Runnable" seed="166868078" result="Passed" start-time="2026-06-23 15:25:11Z" end-time="2026-06-23 15:25:11Z" duration="0.000125" asserts="0">
                  <properties />
                </test-case>
                <test-case id="1709" name="UseCase_ExecutesWithInParameter" fullname="Change.Framework.Tests.Application.ApplicationContractsTests.UseCase_ExecutesWithInParameter" methodname="UseCase_ExecutesWithInParameter" classname="Change.Framework.Tests.Application.ApplicationContractsTests" runstate="Runnable" seed="532184501" result="Passed" start-time="2026-06-23 15:25:11Z" end-time="2026-06-23 15:25:11Z" duration="0.000056" asserts="0">
                  <properties />
                </test-case>
                <test-case id="1706" name="WindowId_Default_ReturnsNullValues" fullname="Change.Framework.Tests.Application.ApplicationContractsTests.WindowId_Default_ReturnsNullValues" methodname="WindowId_Default_ReturnsNullValues" classname="Change.Framework.Tests.Application.ApplicationContractsTests" runstate="Runnable" seed="655561409" result="Passed" start-time="2026-06-23 15:25:11Z" end-time="2026-06-23 15:25:11Z" duration="0.000214" asserts="0">
                  <properties />
                </test-case>
                <test-case id="1707" name="WindowId_Equality_UsesValueSemantics" fullname="Change.Framework.Tests.Application.ApplicationContractsTests.WindowId_Equality_UsesValueSemantics" methodname="WindowId_Equality_UsesValueSemantics" classname="Change.Framework.Tests.Application.ApplicationContractsTests" runstate="Runnable" seed="249164273" result="Passed" start-time="2026-06-23 15:25:11Z" end-time="2026-06-23 15:25:11Z" duration="0.000364" asserts="0">
                  <properties />
                </test-case>
                <test-case id="1705" name="WindowId_RejectsNullOrWhiteSpace" fullname="Change.Framework.Tests.Application.ApplicationContractsTests.WindowId_RejectsNullOrWhiteSpace" methodname="WindowId_RejectsNullOrWhiteSpace" classname="Change.Framework.Tests.Application.ApplicationContractsTests" runstate="Runnable" seed="1034478960" result="Passed" start-time="2026-06-23 15:25:11Z" end-time="2026-06-23 15:25:11Z" duration="0.000214" asserts="0">
                  <properties />
                </test-case>
                <test-case id="1708" name="WindowOpenOptions_DefaultsToNormalLayerAndReuse" fullname="Change.Framework.Tests.Application.ApplicationContractsTests.WindowOpenOptions_DefaultsToNormalLayerAndReuse" methodname="WindowOpenOptions_DefaultsToNormalLayerAndReuse" classname="Change.Framework.Tests.Application.ApplicationContractsTests" runstate="Runnable" seed="821572838" result="Passed" start-time="2026-06-23 15:25:11Z" end-time="2026-06-23 15:25:11Z" duration="0.000164" asserts="0">
                  <properties />
                </test-case>
              </test-suite>
            </test-suite>
            <test-suite type="TestFixture" id="1521" name="AsyncCommandDispatchTests" fullname="Change.Framework.Tests.AsyncCommandDispatchTests" classname="Change.Framework.Tests.AsyncCommandDispatchTests" runstate="Runnable" testcasecount="3" result="Passed" start-time="2026-06-23 15:25:11Z" end-time="2026-06-23 15:25:11Z" duration="0.038125" total="3" passed="3" failed="0" inconclusive="0" skipped="0" asserts="0">
              <properties />
              <test-case id="1523" name="SendAsync_AwaitsCompletion" fullname="Change.Framework.Tests.AsyncCommandDispatchTests.SendAsync_AwaitsCompletion" methodname="SendAsync_AwaitsCompletion" classname="Change.Framework.Tests.AsyncCommandDispatchTests" runstate="Runnable" seed="1476729820" result="Passed" start-time="2026-06-23 15:25:11Z" end-time="2026-06-23 15:25:11Z" duration="0.012304" asserts="0">
                <properties>
                  <property name="_JOINTYPE" value="UnityCombinatorial" />
                </properties>
              </test-case>
              <test-case id="1522" name="SendAsync_ExecutesSelfHandlingCommand" fullname="Change.Framework.Tests.AsyncCommandDispatchTests.SendAsync_ExecutesSelfHandlingCommand" methodname="SendAsync_ExecutesSelfHandlingCommand" classname="Change.Framework.Tests.AsyncCommandDispatchTests" runstate="Runnable" seed="2039971078" result="Passed" start-time="2026-06-23 15:25:11Z" end-time="2026-06-23 15:25:11Z" duration="0.011533" asserts="0">
                <properties>
                  <property name="_JOINTYPE" value="UnityCombinatorial" />
                </properties>
              </test-case>
              <test-case id="1524" name="SendAsync_PropagatesException" fullname="Change.Framework.Tests.AsyncCommandDispatchTests.SendAsync_PropagatesException" methodname="SendAsync_PropagatesException" classname="Change.Framework.Tests.AsyncCommandDispatchTests" runstate="Runnable" seed="450688721" result="Passed" start-time="2026-06-23 15:25:11Z" end-time="2026-06-23 15:25:11Z" duration="0.012362" asserts="0">
                <properties>
                  <property name="_JOINTYPE" value="UnityCombinatorial" />
                </properties>
              </test-case>
            </test-suite>
            <test-suite type="TestSuite" id="1721" name="Collections" fullname="Change.Framework.Tests.Collections" runstate="Runnable" testcasecount="26" result="Passed" start-time="2026-06-23 15:25:11Z" end-time="2026-06-23 15:25:11Z" duration="0.036429" total="26" passed="26" failed="0" inconclusive="0" skipped="0" asserts="0">
              <properties />
              <test-suite type="TestSuite" id="1722" name="Allocation" fullname="Change.Framework.Tests.Collections.Allocation" runstate="Runnable" testcasecount="4" result="Passed" start-time="2026-06-23 15:25:11Z" end-time="2026-06-23 15:25:11Z" duration="0.010956" total="4" passed="4" failed="0" inconclusive="0" skipped="0" asserts="0">
                <properties />
                <test-suite type="TestFixture" id="1699" name="FastCollectionsAllocationTests" fullname="Change.Framework.Tests.Collections.Allocation.FastCollectionsAllocationTests" classname="Change.Framework.Tests.Collections.Allocation.FastCollectionsAllocationTests" runstate="Runnable" testcasecount="4" result="Passed" start-time="2026-06-23 15:25:11Z" end-time="2026-06-23 15:25:11Z" duration="0.006954" total="4" passed="4" failed="0" inconclusive="0" skipped="0" asserts="0">
                  <properties />
                  <test-case id="1702" name="FastDictionary_TryGetValue_SteadyStateZeroAlloc" fullname="Change.Framework.Tests.Collections.Allocation.FastCollectionsAllocationTests.FastDictionary_TryGetValue_SteadyStateZeroAlloc" methodname="FastDictionary_TryGetValue_SteadyStateZeroAlloc" classname="Change.Framework.Tests.Collections.Allocation.FastCollectionsAllocationTests" runstate="Runnable" seed="1638997844" result="Passed" start-time="2026-06-23 15:25:11Z" end-time="2026-06-23 15:25:11Z" duration="0.000747" asserts="0">
                    <properties />
                  </test-case>
                  <test-case id="1700" name="FastList_AddNoResize_SteadyStateZeroAlloc" fullname="Change.Framework.Tests.Collections.Allocation.FastCollectionsAllocationTests.FastList_AddNoResize_SteadyStateZeroAlloc" methodname="FastList_AddNoResize_SteadyStateZeroAlloc" classname="Change.Framework.Tests.Collections.Allocation.FastCollectionsAllocationTests" runstate="Runnable" seed="1234400571" result="Passed" start-time="2026-06-23 15:25:11Z" end-time="2026-06-23 15:25:11Z" duration="0.000209" asserts="0">
                    <properties />
                  </test-case>
                  <test-case id="1703" name="Pool_GetRelease_SteadyStateZeroAlloc" fullname="Change.Framework.Tests.Collections.Allocation.FastCollectionsAllocationTests.Pool_GetRelease_SteadyStateZeroAlloc" methodname="Pool_GetRelease_SteadyStateZeroAlloc" classname="Change.Framework.Tests.Collections.Allocation.FastCollectionsAllocationTests" runstate="Runnable" seed="1789859107" result="Passed" start-time="2026-06-23 15:25:11Z" end-time="2026-06-23 15:25:11Z" duration="0.001453" asserts="0">
                    <properties />
                  </test-case>
                  <test-case id="1701" name="RingBuffer_EnqueueDequeue_SteadyStateZeroAlloc" fullname="Change.Framework.Tests.Collections.Allocation.FastCollectionsAllocationTests.RingBuffer_EnqueueDequeue_SteadyStateZeroAlloc" methodname="RingBuffer_EnqueueDequeue_SteadyStateZeroAlloc" classname="Change.Framework.Tests.Collections.Allocation.FastCollectionsAllocationTests" runstate="Runnable" seed="325107384" result="Passed" start-time="2026-06-23 15:25:11Z" end-time="2026-06-23 15:25:11Z" duration="0.000242" asserts="0">
                    <properties />
                  </test-case>
                </test-suite>
              </test-suite>
              <test-suite type="TestFixture" id="1671" name="CollectionCoreTests" fullname="Change.Framework.Tests.Collections.CollectionCoreTests" classname="Change.Framework.Tests.Collections.CollectionCoreTests" runstate="Runnable" testcasecount="4" result="Passed" start-time="2026-06-23 15:25:11Z" end-time="2026-06-23 15:25:11Z" duration="0.001192" total="4" passed="4" failed="0" inconclusive="0" skipped="0" asserts="0">
                <properties />
                <test-case id="1675" name="CollectionMetrics_ResetClearsCounters" fullname="Change.Framework.Tests.Collections.CollectionCoreTests.CollectionMetrics_ResetClearsCounters" methodname="CollectionMetrics_ResetClearsCounters" classname="Change.Framework.Tests.Collections.CollectionCoreTests" runstate="Runnable" seed="2120053122" result="Passed" start-time="2026-06-23 15:25:11Z" end-time="2026-06-23 15:25:11Z" duration="0.000222" asserts="0">
                  <properties />
                </test-case>
                <test-case id="1672" name="GrowPolicy_DoublesAndRespectsMinimum" fullname="Change.Framework.Tests.Collections.CollectionCoreTests.GrowPolicy_DoublesAndRespectsMinimum" methodname="GrowPolicy_DoublesAndRespectsMinimum" classname="Change.Framework.Tests.Collections.CollectionCoreTests" runstate="Runnable" seed="1629480648" result="Passed" start-time="2026-06-23 15:25:11Z" end-time="2026-06-23 15:25:11Z" duration="0.000124" asserts="0">
                  <properties />
                </test-case>
                <test-case id="1674" name="ThrowIfNegativeCapacity_DoesNotThrowForZeroOrPositive" fullname="Change.Framework.Tests.Collections.CollectionCoreTests.ThrowIfNegativeCapacity_DoesNotThrowForZeroOrPositive" methodname="ThrowIfNegativeCapacity_DoesNotThrowForZeroOrPositive" classname="Change.Framework.Tests.Collections.CollectionCoreTests" runstate="Runnable" seed="1031344859" result="Passed" start-time="2026-06-23 15:25:11Z" end-time="2026-06-23 15:25:11Z" duration="0.000049" asserts="0">
                  <properties />
                </test-case>
                <test-case id="1673" name="ThrowIfNegativeCapacity_ThrowsForNegativeValue" fullname="Change.Framework.Tests.Collections.CollectionCoreTests.ThrowIfNegativeCapacity_ThrowsForNegativeValue" methodname="ThrowIfNegativeCapacity_ThrowsForNegativeValue" classname="Change.Framework.Tests.Collections.CollectionCoreTests" runstate="Runnable" seed="2101835196" result="Passed" start-time="2026-06-23 15:25:11Z" end-time="2026-06-23 15:25:11Z" duration="0.000178" asserts="0">
                  <properties />
                </test-case>
              </test-suite>
              <test-suite type="TestFixture" id="1676" name="FastDictionaryTests" fullname="Change.Framework.Tests.Collections.FastDictionaryTests" classname="Change.Framework.Tests.Collections.FastDictionaryTests" runstate="Runnable" testcasecount="5" result="Passed" start-time="2026-06-23 15:25:11Z" end-time="2026-06-23 15:25:11Z" duration="0.004016" total="5" passed="5" failed="0" inconclusive="0" skipped="0" asserts="0">
                <properties />
                <test-case id="1680" name="ContainsKeyAndClear_WorkAsExpected" fullname="Change.Framework.Tests.Collections.FastDictionaryTests.ContainsKeyAndClear_WorkAsExpected" methodname="ContainsKeyAndClear_WorkAsExpected" classname="Change.Framework.Tests.Collections.FastDictionaryTests" runstate="Runnable" seed="1316329948" result="Passed" start-time="2026-06-23 15:25:11Z" end-time="2026-06-23 15:25:11Z" duration="0.000469" asserts="0">
                  <properties />
                </test-case>
                <test-case id="1679" name="Remove_DeletesEntry" fullname="Change.Framework.Tests.Collections.FastDictionaryTests.Remove_DeletesEntry" methodname="Remove_DeletesEntry" classname="Change.Framework.Tests.Collections.FastDictionaryTests" runstate="Runnable" seed="1825917439" result="Passed" start-time="2026-06-23 15:25:11Z" end-time="2026-06-23 15:25:11Z" duration="0.000181" asserts="0">
                  <properties />
                </test-case>
                <test-case id="1677" name="TryAddAndTryGetValue_WorkForUniqueKeys" fullname="Change.Framework.Tests.Collections.FastDictionaryTests.TryAddAndTryGetValue_WorkForUniqueKeys" methodname="TryAddAndTryGetValue_WorkForUniqueKeys" classname="Change.Framework.Tests.Collections.FastDictionaryTests" runstate="Runnable" seed="418964863" result="Passed" start-time="2026-06-23 15:25:11Z" end-time="2026-06-23 15:25:11Z" duration="0.000065" asserts="0">
                  <properties />
                </test-case>
                <test-case id="1678" name="TryAddNoResize_ReturnsFalseWhenCapacityFull" fullname="Change.Framework.Tests.Collections.FastDictionaryTests.TryAddNoResize_ReturnsFalseWhenCapacityFull" methodname="TryAddNoResize_ReturnsFalseWhenCapacityFull" classname="Change.Framework.Tests.Collections.FastDictionaryTests" runstate="Runnable" seed="1143093767" result="Passed" start-time="2026-06-23 15:25:11Z" end-time="2026-06-23 15:25:11Z" duration="0.000071" asserts="0">
                  <properties />
                </test-case>
                <test-case id="1681" name="ValueTypeKey_DefaultValueKeyWorks" fullname="Change.Framework.Tests.Collections.FastDictionaryTests.ValueTypeKey_DefaultValueKeyWorks" methodname="ValueTypeKey_DefaultValueKeyWorks" classname="Change.Framework.Tests.Collections.FastDictionaryTests" runstate="Runnable" seed="1846150426" result="Passed" start-time="2026-06-23 15:25:11Z" end-time="2026-06-23 15:25:11Z" duration="0.000054" asserts="0">
                  <properties />
                </test-case>
              </test-suite>
              <test-suite type="TestFixture" id="1682" name="FastHashSetTests" fullname="Change.Framework.Tests.Collections.FastHashSetTests" classname="Change.Framework.Tests.Collections.FastHashSetTests" runstate="Runnable" testcasecount="3" result="Passed" start-time="2026-06-23 15:25:11Z" end-time="2026-06-23 15:25:11Z" duration="0.003835" total="3" passed="3" failed="0" inconclusive="0" skipped="0" asserts="0">
                <properties />
                <test-case id="1683" name="AddContainsRemove_WorkAsExpected" fullname="Change.Framework.Tests.Collections.FastHashSetTests.AddContainsRemove_WorkAsExpected" methodname="AddContainsRemove_WorkAsExpected" classname="Change.Framework.Tests.Collections.FastHashSetTests" runstate="Runnable" seed="1731501419" result="Passed" start-time="2026-06-23 15:25:11Z" end-time="2026-06-23 15:25:11Z" duration="0.000608" asserts="0">
                  <properties />
                </test-case>
                <test-case id="1684" name="AddNoResize_ReturnsFalseWhenFull" fullname="Change.Framework.Tests.Collections.FastHashSetTests.AddNoResize_ReturnsFalseWhenFull" methodname="AddNoResize_ReturnsFalseWhenFull" classname="Change.Framework.Tests.Collections.FastHashSetTests" runstate="Runnable" seed="1584360477" result="Passed" start-time="2026-06-23 15:25:11Z" end-time="2026-06-23 15:25:11Z" duration="0.000088" asserts="0">
                  <properties />
                </test-case>
                <test-case id="1685" name="Clear_RemovesAllEntries" fullname="Change.Framework.Tests.Collections.FastHashSetTests.Clear_RemovesAllEntries" methodname="Clear_RemovesAllEntries" classname="Change.Framework.Tests.Collections.FastHashSetTests" runstate="Runnable" seed="53304856" result="Passed" start-time="2026-06-23 15:25:11Z" end-time="2026-06-23 15:25:11Z" duration="0.000130" asserts="0">
                  <properties />
                </test-case>
              </test-suite>
              <test-suite type="TestFixture" id="1686" name="FastListTests" fullname="Change.Framework.Tests.Collections.FastListTests" classname="Change.Framework.Tests.Collections.FastListTests" runstate="Runnable" testcasecount="4" result="Passed" start-time="2026-06-23 15:25:11Z" end-time="2026-06-23 15:25:11Z" duration="0.003793" total="4" passed="4" failed="0" inconclusive="0" skipped="0" asserts="0">
                <properties />
                <test-case id="1687" name="AddNoResize_ThrowsWhenCapacityIsFull" fullname="Change.Framework.Tests.Collections.FastListTests.AddNoResize_ThrowsWhenCapacityIsFull" methodname="AddNoResize_ThrowsWhenCapacityIsFull" classname="Change.Framework.Tests.Collections.FastListTests" runstate="Runnable" seed="2109015865" result="Passed" start-time="2026-06-23 15:25:11Z" end-time="2026-06-23 15:25:11Z" duration="0.000123" asserts="0">
                  <properties />
                </test-case>
                <test-case id="1690" name="Enumerator_ThrowsWhenCollectionModified" fullname="Change.Framework.Tests.Collections.FastListTests.Enumerator_ThrowsWhenCollectionModified" methodname="Enumerator_ThrowsWhenCollectionModified" classname="Change.Framework.Tests.Collections.FastListTests" runstate="Runnable" seed="922936216" result="Passed" start-time="2026-06-23 15:25:11Z" end-time="2026-06-23 15:25:11Z" duration="0.000238" asserts="0">
                  <properties />
                </test-case>
                <test-case id="1688" name="RemoveAtSwapBack_KeepsDenseStorage" fullname="Change.Framework.Tests.Collections.FastListTests.RemoveAtSwapBack_KeepsDenseStorage" methodname="RemoveAtSwapBack_KeepsDenseStorage" classname="Change.Framework.Tests.Collections.FastListTests" runstate="Runnable" seed="824139422" result="Passed" start-time="2026-06-23 15:25:11Z" end-time="2026-06-23 15:25:11Z" duration="0.000283" asserts="0">
                  <properties />
                </test-case>
                <test-case id="1689" name="RemoveAtSwapBack_LastElement_RemovesWithoutSwap" fullname="Change.Framework.Tests.Collections.FastListTests.RemoveAtSwapBack_LastElement_RemovesWithoutSwap" methodname="RemoveAtSwapBack_LastElement_RemovesWithoutSwap" classname="Change.Framework.Tests.Collections.FastListTests" runstate="Runnable" seed="145780231" result="Passed" start-time="2026-06-23 15:25:11Z" end-time="2026-06-23 15:25:11Z" duration="0.000088" asserts="0">
                  <properties />
                </test-case>
              </test-suite>
              <test-suite type="TestFixture" id="1691" name="FastPriorityQueueTests" fullname="Change.Framework.Tests.Collections.FastPriorityQueueTests" classname="Change.Framework.Tests.Collections.FastPriorityQueueTests" runstate="Runnable" testcasecount="2" result="Passed" start-time="2026-06-23 15:25:11Z" end-time="2026-06-23 15:25:11Z" duration="0.003464" total="2" passed="2" failed="0" inconclusive="0" skipped="0" asserts="0">
                <properties />
                <test-case id="1693" name="EnqueueNoResize_ReturnsFalseWhenCapacityReached" fullname="Change.Framework.Tests.Collections.FastPriorityQueueTests.EnqueueNoResize_ReturnsFalseWhenCapacityReached" methodname="EnqueueNoResize_ReturnsFalseWhenCapacityReached" classname="Change.Framework.Tests.Collections.FastPriorityQueueTests" runstate="Runnable" seed="1976230968" result="Passed" start-time="2026-06-23 15:25:11Z" end-time="2026-06-23 15:25:11Z" duration="0.000219" asserts="0">
                  <properties />
                </test-case>
                <test-case id="1692" name="TryDequeue_ReturnsItemsInAscendingOrder" fullname="Change.Framework.Tests.Collections.FastPriorityQueueTests.TryDequeue_ReturnsItemsInAscendingOrder" methodname="TryDequeue_ReturnsItemsInAscendingOrder" classname="Change.Framework.Tests.Collections.FastPriorityQueueTests" runstate="Runnable" seed="291997917" result="Passed" start-time="2026-06-23 15:25:11Z" end-time="2026-06-23 15:25:11Z" duration="0.000232" asserts="0">
                  <properties />
                </test-case>
              </test-suite>
              <test-suite type="TestFixture" id="1694" name="RingBufferTests" fullname="Change.Framework.Tests.Collections.RingBufferTests" classname="Change.Framework.Tests.Collections.RingBufferTests" runstate="Runnable" testcasecount="4" result="Passed" start-time="2026-06-23 15:25:11Z" end-time="2026-06-23 15:25:11Z" duration="0.004785" total="4" passed="4" failed="0" inconclusive="0" skipped="0" asserts="0">
                <properties />
                <test-case id="1698" name="Clear_ResetsCountAndAllowsReuse" fullname="Change.Framework.Tests.Collections.RingBufferTests.Clear_ResetsCountAndAllowsReuse" methodname="Clear_ResetsCountAndAllowsReuse" classname="Change.Framework.Tests.Collections.RingBufferTests" runstate="Runnable" seed="1741765210" result="Passed" start-time="2026-06-23 15:25:11Z" end-time="2026-06-23 15:25:11Z" duration="0.000160" asserts="0">
                  <properties />
                </test-case>
                <test-case id="1695" name="EnqueueNoResize_ReturnsFalseWhenFull" fullname="Change.Framework.Tests.Collections.RingBufferTests.EnqueueNoResize_ReturnsFalseWhenFull" methodname="EnqueueNoResize_ReturnsFalseWhenFull" classname="Change.Framework.Tests.Collections.RingBufferTests" runstate="Runnable" seed="1399815010" result="Passed" start-time="2026-06-23 15:25:11Z" end-time="2026-06-23 15:25:11Z" duration="0.000087" asserts="0">
                  <properties />
                </test-case>
                <test-case id="1696" name="TryDequeue_FollowsFifoAcrossWrapAround" fullname="Change.Framework.Tests.Collections.RingBufferTests.TryDequeue_FollowsFifoAcrossWrapAround" methodname="TryDequeue_FollowsFifoAcrossWrapAround" classname="Change.Framework.Tests.Collections.RingBufferTests" runstate="Runnable" seed="2146974780" result="Passed" start-time="2026-06-23 15:25:11Z" end-time="2026-06-23 15:25:11Z" duration="0.000104" asserts="0">
                  <properties />
                </test-case>
                <test-case id="1697" name="TryPeek_ReturnsFrontWithoutRemoving" fullname="Change.Framework.Tests.Collections.RingBufferTests.TryPeek_ReturnsFrontWithoutRemoving" methodname="TryPeek_ReturnsFrontWithoutRemoving" classname="Change.Framework.Tests.Collections.RingBufferTests" runstate="Runnable" seed="297579515" result="Passed" start-time="2026-06-23 15:25:11Z" end-time="2026-06-23 15:25:11Z" duration="0.000091" asserts="0">
                  <properties />
                </test-case>
              </test-suite>
            </test-suite>
            <test-suite type="TestFixture" id="1525" name="CommandDispatchTests" fullname="Change.Framework.Tests.CommandDispatchTests" classname="Change.Framework.Tests.CommandDispatchTests" runstate="Runnable" testcasecount="2" result="Passed" start-time="2026-06-23 15:25:11Z" end-time="2026-06-23 15:25:11Z" duration="0.010716" total="2" passed="2" failed="0" inconclusive="0" skipped="0" asserts="0">
              <properties />
              <test-case id="1527" name="SelfHandling_HotPath_AllocatesZeroBytesAfterWarmup" fullname="Change.Framework.Tests.CommandDispatchTests.SelfHandling_HotPath_AllocatesZeroBytesAfterWarmup" methodname="SelfHandling_HotPath_AllocatesZeroBytesAfterWarmup" classname="Change.Framework.Tests.CommandDispatchTests" runstate="Runnable" seed="1620051374" result="Passed" start-time="2026-06-23 15:25:11Z" end-time="2026-06-23 15:25:11Z" duration="0.007694" asserts="0">
                <properties />
              </test-case>
              <test-case id="1526" name="Send_ExecutesSelfHandlingCommand" fullname="Change.Framework.Tests.CommandDispatchTests.Send_ExecutesSelfHandlingCommand" methodname="Send_ExecutesSelfHandlingCommand" classname="Change.Framework.Tests.CommandDispatchTests" runstate="Runnable" seed="1807725079" result="Passed" start-time="2026-06-23 15:25:11Z" end-time="2026-06-23 15:25:11Z" duration="0.000089" asserts="0">
                <properties />
              </test-case>
            </test-suite>
            <test-suite type="TestFixture" id="1528" name="CqrsArchitectureGuardTests" fullname="Change.Framework.Tests.CqrsArchitectureGuardTests" classname="Change.Framework.Tests.CqrsArchitectureGuardTests" runstate="Runnable" testcasecount="1" result="Passed" start-time="2026-06-23 15:25:11Z" end-time="2026-06-23 15:25:11Z" duration="0.002898" total="1" passed="1" failed="0" inconclusive="0" skipped="0" asserts="0">
              <properties />
              <test-case id="1529" name="DomainEventHandlers_MustNotInjectRuntimeOrCommandDispatchSurface" fullname="Change.Framework.Tests.CqrsArchitectureGuardTests.DomainEventHandlers_MustNotInjectRuntimeOrCommandDispatchSurface" methodname="DomainEventHandlers_MustNotInjectRuntimeOrCommandDispatchSurface" classname="Change.Framework.Tests.CqrsArchitectureGuardTests" runstate="Runnable" seed="683449587" result="Passed" start-time="2026-06-23 15:25:11Z" end-time="2026-06-23 15:25:11Z" duration="0.002485" asserts="0">
                <properties />
              </test-case>
            </test-suite>
            <test-suite type="TestFixture" id="1530" name="CqrsBootstrapLifecycleTests" fullname="Change.Framework.Tests.CqrsBootstrapLifecycleTests" classname="Change.Framework.Tests.CqrsBootstrapLifecycleTests" runstate="Runnable" testcasecount="6" result="Passed" start-time="2026-06-23 15:25:11Z" end-time="2026-06-23 15:25:23Z" duration="11.401563" total="6" passed="6" failed="0" inconclusive="0" skipped="0" asserts="0">
              <properties />
              <test-case id="1535" name="Bootstrap_DoesNotExposePublicFreezeMethod" fullname="Change.Framework.Tests.CqrsBootstrapLifecycleTests.Bootstrap_DoesNotExposePublicFreezeMethod" methodname="Bootstrap_DoesNotExposePublicFreezeMethod" classname="Change.Framework.Tests.CqrsBootstrapLifecycleTests" runstate="Runnable" seed="2129783831" result="Passed" start-time="2026-06-23 15:25:11Z" end-time="2026-06-23 15:25:11Z" duration="0.000105" asserts="0">
                <properties />
              </test-case>
              <test-case id="1534" name="Bootstrap_DoesNotExposePublicRuntimeProperty" fullname="Change.Framework.Tests.CqrsBootstrapLifecycleTests.Bootstrap_DoesNotExposePublicRuntimeProperty" methodname="Bootstrap_DoesNotExposePublicRuntimeProperty" classname="Change.Framework.Tests.CqrsBootstrapLifecycleTests" runstate="Runnable" seed="1361147038" result="Passed" start-time="2026-06-23 15:25:11Z" end-time="2026-06-23 15:25:11Z" duration="0.000053" asserts="0">
                <properties />
              </test-case>
              <test-case id="1533" name="Build_CalledTwice_ReturnsSameRuntimeInstance" fullname="Change.Framework.Tests.CqrsBootstrapLifecycleTests.Build_CalledTwice_ReturnsSameRuntimeInstance" methodname="Build_CalledTwice_ReturnsSameRuntimeInstance" classname="Change.Framework.Tests.CqrsBootstrapLifecycleTests" runstate="Runnable" seed="950671300" result="Passed" start-time="2026-06-23 15:25:11Z" end-time="2026-06-23 15:25:11Z" duration="0.000266" asserts="0">
                <properties />
              </test-case>
              <test-case id="1536" name="Build_FromMultipleThreadsConcurrently_ReturnsSameRuntimeInstance" fullname="Change.Framework.Tests.CqrsBootstrapLifecycleTests.Build_FromMultipleThreadsConcurrently_ReturnsSameRuntimeInstance" methodname="Build_FromMultipleThreadsConcurrently_ReturnsSameRuntimeInstance" classname="Change.Framework.Tests.CqrsBootstrapLifecycleTests" runstate="Runnable" seed="301619379" result="Passed" start-time="2026-06-23 15:25:11Z" end-time="2026-06-23 15:25:23Z" duration="11.392614" asserts="0">
                <properties />
              </test-case>
              <test-case id="1531" name="Build_ReturnsRuntime_ThatCanDispatchCommand" fullname="Change.Framework.Tests.CqrsBootstrapLifecycleTests.Build_ReturnsRuntime_ThatCanDispatchCommand" methodname="Build_ReturnsRuntime_ThatCanDispatchCommand" classname="Change.Framework.Tests.CqrsBootstrapLifecycleTests" runstate="Runnable" seed="1285252473" result="Passed" start-time="2026-06-23 15:25:23Z" end-time="2026-06-23 15:25:23Z" duration="0.001203" asserts="0">
                <properties />
              </test-case>
              <test-case id="1532" name="Runtime_SupportsQueryAndPublish_HappyPath" fullname="Change.Framework.Tests.CqrsBootstrapLifecycleTests.Runtime_SupportsQueryAndPublish_HappyPath" methodname="Runtime_SupportsQueryAndPublish_HappyPath" classname="Change.Framework.Tests.CqrsBootstrapLifecycleTests" runstate="Runnable" seed="1173602812" result="Passed" start-time="2026-06-23 15:25:23Z" end-time="2026-06-23 15:25:23Z" duration="0.004220" asserts="0">
                <properties />
              </test-case>
            </test-suite>
            <test-suite type="TestFixture" id="1537" name="CqrsLoggingIntegrationTests" fullname="Change.Framework.Tests.CqrsLoggingIntegrationTests" classname="Change.Framework.Tests.CqrsLoggingIntegrationTests" runstate="Runnable" testcasecount="2" result="Passed" start-time="2026-06-23 15:25:23Z" end-time="2026-06-23 15:25:23Z" duration="0.033895" total="2" passed="2" failed="0" inconclusive="0" skipped="0" asserts="0">
              <properties />
              <test-case id="1538" name="Subscribe_UsesInjectedLoggerInfo" fullname="Change.Framework.Tests.CqrsLoggingIntegrationTests.Subscribe_UsesInjectedLoggerInfo" methodname="Subscribe_UsesInjectedLoggerInfo" classname="Change.Framework.Tests.CqrsLoggingIntegrationTests" runstate="Runnable" seed="638172596" result="Passed" start-time="2026-06-23 15:25:23Z" end-time="2026-06-23 15:25:23Z" duration="0.000798" asserts="0">
                <properties />
              </test-case>
              <test-case id="1539" name="Subscribe_WhenLoggerThrows_DoesNotPropagate" fullname="Change.Framework.Tests.CqrsLoggingIntegrationTests.Subscribe_WhenLoggerThrows_DoesNotPropagate" methodname="Subscribe_WhenLoggerThrows_DoesNotPropagate" classname="Change.Framework.Tests.CqrsLoggingIntegrationTests" runstate="Runnable" seed="1781204308" result="Passed" start-time="2026-06-23 15:25:23Z" end-time="2026-06-23 15:25:23Z" duration="0.013107" asserts="0">
                <properties />
              </test-case>
            </test-suite>
            <test-suite type="TestFixture" id="1587" name="DefaultAbilitySystemTests" fullname="Change.Framework.Tests.DefaultAbilitySystemTests" classname="Change.Framework.Tests.DefaultAbilitySystemTests" runstate="Runnable" testcasecount="10" result="Passed" start-time="2026-06-23 15:25:23Z" end-time="2026-06-23 15:25:23Z" duration="0.007512" total="10" passed="10" failed="0" inconclusive="0" skipped="0" asserts="0">
              <properties />
              <test-case id="1597" name="DefaultAbilitySystem_AddAbility_DuplicateId_ThrowsInvalidOperationException" fullname="Change.Framework.Tests.DefaultAbilitySystemTests.DefaultAbilitySystem_AddAbility_DuplicateId_ThrowsInvalidOperationException" methodname="DefaultAbilitySystem_AddAbility_DuplicateId_ThrowsInvalidOperationException" classname="Change.Framework.Tests.DefaultAbilitySystemTests" runstate="Runnable" seed="1073028876" result="Passed" start-time="2026-06-23 15:25:23Z" end-time="2026-06-23 15:25:23Z" duration="0.000614" asserts="0">
                <properties />
              </test-case>
              <test-case id="1596" name="DefaultAbilitySystem_Tick_AdvancesAbilitiesModifiersAndTriggerCooldowns" fullname="Change.Framework.Tests.DefaultAbilitySystemTests.DefaultAbilitySystem_Tick_AdvancesAbilitiesModifiersAndTriggerCooldowns" methodname="DefaultAbilitySystem_Tick_AdvancesAbilitiesModifiersAndTriggerCooldowns" classname="Change.Framework.Tests.DefaultAbilitySystemTests" runstate="Runnable" seed="1070154714" result="Passed" start-time="2026-06-23 15:25:23Z" end-time="2026-06-23 15:25:23Z" duration="0.002645" asserts="0">
                <properties />
              </test-case>
              <test-case id="1588" name="DefaultAttribute_ConstructsWithBaseAndCurrentValue" fullname="Change.Framework.Tests.DefaultAbilitySystemTests.DefaultAttribute_ConstructsWithBaseAndCurrentValue" methodname="DefaultAttribute_ConstructsWithBaseAndCurrentValue" classname="Change.Framework.Tests.DefaultAbilitySystemTests" runstate="Runnable" seed="221600812" result="Passed" start-time="2026-06-23 15:25:23Z" end-time="2026-06-23 15:25:23Z" duration="0.000278" asserts="0">
                <properties />
              </test-case>
              <test-case id="1590" name="DefaultAttribute_EmptyName_ThrowsArgumentException" fullname="Change.Framework.Tests.DefaultAbilitySystemTests.DefaultAttribute_EmptyName_ThrowsArgumentException" methodname="DefaultAttribute_EmptyName_ThrowsArgumentException" classname="Change.Framework.Tests.DefaultAbilitySystemTests" runstate="Runnable" seed="172049943" result="Passed" start-time="2026-06-23 15:25:23Z" end-time="2026-06-23 15:25:23Z" duration="0.000237" asserts="0">
                <properties />
              </test-case>
              <test-case id="1589" name="DefaultAttribute_Recalculate_AppliesAdditiveAndMultiplicativeModifiers" fullname="Change.Framework.Tests.DefaultAbilitySystemTests.DefaultAttribute_Recalculate_AppliesAdditiveAndMultiplicativeModifiers" methodname="DefaultAttribute_Recalculate_AppliesAdditiveAndMultiplicativeModifiers" classname="Change.Framework.Tests.DefaultAbilitySystemTests" runstate="Runnable" seed="2005218893" result="Passed" start-time="2026-06-23 15:25:23Z" end-time="2026-06-23 15:25:23Z" duration="0.000123" asserts="0">
                <properties />
              </test-case>
              <test-case id="1593" name="DefaultAttributeSet_GetAttribute_MissingAttribute_ThrowsInvalidOperationException" fullname="Change.Framework.Tests.DefaultAbilitySystemTests.DefaultAttributeSet_GetAttribute_MissingAttribute_ThrowsInvalidOperationException" methodname="DefaultAttributeSet_GetAttribute_MissingAttribute_ThrowsInvalidOperationException" classname="Change.Framework.Tests.DefaultAbilitySystemTests" runstate="Runnable" seed="199859016" result="Passed" start-time="2026-06-23 15:25:23Z" end-time="2026-06-23 15:25:23Z" duration="0.000285" asserts="0">
                <properties />
              </test-case>
              <test-case id="1591" name="DefaultAttributeSet_GetCurrentValue_UsesRegisteredAttribute" fullname="Change.Framework.Tests.DefaultAbilitySystemTests.DefaultAttributeSet_GetCurrentValue_UsesRegisteredAttribute" methodname="DefaultAttributeSet_GetCurrentValue_UsesRegisteredAttribute" classname="Change.Framework.Tests.DefaultAbilitySystemTests" runstate="Runnable" seed="808373918" result="Passed" start-time="2026-06-23 15:25:23Z" end-time="2026-06-23 15:25:23Z" duration="0.000113" asserts="0">
                <properties />
              </test-case>
              <test-case id="1592" name="DefaultAttributeSet_SetBaseValue_UpdatesAttributeAndRaisesEvent" fullname="Change.Framework.Tests.DefaultAbilitySystemTests.DefaultAttributeSet_SetBaseValue_UpdatesAttributeAndRaisesEvent" methodname="DefaultAttributeSet_SetBaseValue_UpdatesAttributeAndRaisesEvent" classname="Change.Framework.Tests.DefaultAbilitySystemTests" runstate="Runnable" seed="787028440" result="Passed" start-time="2026-06-23 15:25:23Z" end-time="2026-06-23 15:25:23Z" duration="0.000318" asserts="0">
                <properties />
              </test-case>
              <test-case id="1594" name="DefaultGameplayTagSet_AddAndRemoveTag_TracksCounts" fullname="Change.Framework.Tests.DefaultAbilitySystemTests.DefaultGameplayTagSet_AddAndRemoveTag_TracksCounts" methodname="DefaultGameplayTagSet_AddAndRemoveTag_TracksCounts" classname="Change.Framework.Tests.DefaultAbilitySystemTests" runstate="Runnable" seed="872551719" result="Passed" start-time="2026-06-23 15:25:23Z" end-time="2026-06-23 15:25:23Z" duration="0.001030" asserts="0">
                <properties />
              </test-case>
              <test-case id="1595" name="DefaultGameplayTagSet_RemoveMissingTag_ThrowsInvalidOperationException" fullname="Change.Framework.Tests.DefaultAbilitySystemTests.DefaultGameplayTagSet_RemoveMissingTag_ThrowsInvalidOperationException" methodname="DefaultGameplayTagSet_RemoveMissingTag_ThrowsInvalidOperationException" classname="Change.Framework.Tests.DefaultAbilitySystemTests" runstate="Runnable" seed="2028179661" result="Passed" start-time="2026-06-23 15:25:23Z" end-time="2026-06-23 15:25:23Z" duration="0.000158" asserts="0">
                <properties />
              </test-case>
            </test-suite>
            <test-suite type="TestFixture" id="1540" name="EventDispatchTests" fullname="Change.Framework.Tests.EventDispatchTests" classname="Change.Framework.Tests.EventDispatchTests" runstate="Runnable" testcasecount="13" result="Passed" start-time="2026-06-23 15:25:23Z" end-time="2026-06-23 15:25:23Z" duration="0.005166" total="13" passed="13" failed="0" inconclusive="0" skipped="0" asserts="0">
              <properties />
              <test-case id="1550" name="Publish_HandlerAndDelegateBothThrow_AggregatesAllExceptions" fullname="Change.Framework.Tests.EventDispatchTests.Publish_HandlerAndDelegateBothThrow_AggregatesAllExceptions" methodname="Publish_HandlerAndDelegateBothThrow_AggregatesAllExceptions" classname="Change.Framework.Tests.EventDispatchTests" runstate="Runnable" seed="1651264732" result="Passed" start-time="2026-06-23 15:25:23Z" end-time="2026-06-23 15:25:23Z" duration="0.001299" asserts="0">
                <properties />
              </test-case>
              <test-case id="1541" name="Publish_InvokesSubscribersInRegistrationOrder" fullname="Change.Framework.Tests.EventDispatchTests.Publish_InvokesSubscribersInRegistrationOrder" methodname="Publish_InvokesSubscribersInRegistrationOrder" classname="Change.Framework.Tests.EventDispatchTests" runstate="Runnable" seed="1101903798" result="Passed" start-time="2026-06-23 15:25:23Z" end-time="2026-06-23 15:25:23Z" duration="0.000492" asserts="0">
                <properties />
              </test-case>
              <test-case id="1545" name="Publish_WhenHandlerThrows_InvokesAllHandlersAndThrowsAggregateException" fullname="Change.Framework.Tests.EventDispatchTests.Publish_WhenHandlerThrows_InvokesAllHandlersAndThrowsAggregateException" methodname="Publish_WhenHandlerThrows_InvokesAllHandlersAndThrowsAggregateException" classname="Change.Framework.Tests.EventDispatchTests" runstate="Runnable" seed="945885834" result="Passed" start-time="2026-06-23 15:25:23Z" end-time="2026-06-23 15:25:23Z" duration="0.000473" asserts="0">
                <properties />
              </test-case>
              <test-case id="1542" name="Publish_WithoutSubscribers_DoesNothing" fullname="Change.Framework.Tests.EventDispatchTests.Publish_WithoutSubscribers_DoesNothing" methodname="Publish_WithoutSubscribers_DoesNothing" classname="Change.Framework.Tests.EventDispatchTests" runstate="Runnable" seed="500248177" result="Passed" start-time="2026-06-23 15:25:23Z" end-time="2026-06-23 15:25:23Z" duration="0.000107" asserts="0">
                <properties />
              </test-case>
              <test-case id="1548" name="Subscribe_CapturingLambda_ThrowsClosureCaptureException" fullname="Change.Framework.Tests.EventDispatchTests.Subscribe_CapturingLambda_ThrowsClosureCaptureException" methodname="Subscribe_CapturingLambda_ThrowsClosureCaptureException" classname="Change.Framework.Tests.EventDispatchTests" runstate="Runnable" seed="1551521956" result="Passed" start-time="2026-06-23 15:25:23Z" end-time="2026-06-23 15:25:23Z" duration="0.000178" asserts="0">
                <properties />
              </test-case>
              <test-case id="1549" name="Subscribe_InstanceMethod_ThrowsClosureCaptureException" fullname="Change.Framework.Tests.EventDispatchTests.Subscribe_InstanceMethod_ThrowsClosureCaptureException" methodname="Subscribe_InstanceMethod_ThrowsClosureCaptureException" classname="Change.Framework.Tests.EventDispatchTests" runstate="Runnable" seed="334895101" result="Passed" start-time="2026-06-23 15:25:23Z" end-time="2026-06-23 15:25:23Z" duration="0.000130" asserts="0">
                <properties />
              </test-case>
              <test-case id="1547" name="Subscribe_NullDelegate_ThrowsArgumentNullException" fullname="Change.Framework.Tests.EventDispatchTests.Subscribe_NullDelegate_ThrowsArgumentNullException" methodname="Subscribe_NullDelegate_ThrowsArgumentNullException" classname="Change.Framework.Tests.EventDispatchTests" runstate="Runnable" seed="1967042253" result="Passed" start-time="2026-06-23 15:25:23Z" end-time="2026-06-23 15:25:23Z" duration="0.000148" asserts="0">
                <properties />
              </test-case>
              <test-case id="1543" name="Subscribe_NullHandler_ThrowsArgumentNullException" fullname="Change.Framework.Tests.EventDispatchTests.Subscribe_NullHandler_ThrowsArgumentNullException" methodname="Subscribe_NullHandler_ThrowsArgumentNullException" classname="Change.Framework.Tests.EventDispatchTests" runstate="Runnable" seed="601287964" result="Passed" start-time="2026-06-23 15:25:23Z" end-time="2026-06-23 15:25:23Z" duration="0.000100" asserts="0">
                <properties />
              </test-case>
              <test-case id="1546" name="Subscribe_StaticDelegate_InvokesOnPublish" fullname="Change.Framework.Tests.EventDispatchTests.Subscribe_StaticDelegate_InvokesOnPublish" methodname="Subscribe_StaticDelegate_InvokesOnPublish" classname="Change.Framework.Tests.EventDispatchTests" runstate="Runnable" seed="1179528446" result="Passed" start-time="2026-06-23 15:25:23Z" end-time="2026-06-23 15:25:23Z" duration="0.000119" asserts="0">
                <properties />
              </test-case>
              <test-case id="1544" name="Subscribe_StructHandler_ThrowsInvalidOperationException" fullname="Change.Framework.Tests.EventDispatchTests.Subscribe_StructHandler_ThrowsInvalidOperationException" methodname="Subscribe_StructHandler_ThrowsInvalidOperationException" classname="Change.Framework.Tests.EventDispatchTests" runstate="Runnable" seed="1337325497" result="Passed" start-time="2026-06-23 15:25:23Z" end-time="2026-06-23 15:25:23Z" duration="0.000128" asserts="0">
                <properties />
              </test-case>
              <test-case id="1551" name="Unsubscribe_Delegate_RemovesSpecificDelegate" fullname="Change.Framework.Tests.EventDispatchTests.Unsubscribe_Delegate_RemovesSpecificDelegate" methodname="Unsubscribe_Delegate_RemovesSpecificDelegate" classname="Change.Framework.Tests.EventDispatchTests" runstate="Runnable" seed="768344811" result="Passed" start-time="2026-06-23 15:25:23Z" end-time="2026-06-23 15:25:23Z" duration="0.000309" asserts="0">
                <properties />
              </test-case>
              <test-case id="1552" name="Unsubscribe_Delegate_WhenNotSubscribed_IsIdempotent" fullname="Change.Framework.Tests.EventDispatchTests.Unsubscribe_Delegate_WhenNotSubscribed_IsIdempotent" methodname="Unsubscribe_Delegate_WhenNotSubscribed_IsIdempotent" classname="Change.Framework.Tests.EventDispatchTests" runstate="Runnable" seed="959743745" result="Passed" start-time="2026-06-23 15:25:23Z" end-time="2026-06-23 15:25:23Z" duration="0.000090" asserts="0">
                <properties />
              </test-case>
              <test-case id="1553" name="Unsubscribe_NullDelegate_ThrowsArgumentNullException" fullname="Change.Framework.Tests.EventDispatchTests.Unsubscribe_NullDelegate_ThrowsArgumentNullException" methodname="Unsubscribe_NullDelegate_ThrowsArgumentNullException" classname="Change.Framework.Tests.EventDispatchTests" runstate="Runnable" seed="1547579093" result="Passed" start-time="2026-06-23 15:25:23Z" end-time="2026-06-23 15:25:23Z" duration="0.000094" asserts="0">
                <properties />
              </test-case>
            </test-suite>
            <test-suite type="TestSuite" id="1720" name="Logging" fullname="Change.Framework.Tests.Logging" runstate="Runnable" testcasecount="9" result="Passed" start-time="2026-06-23 15:25:23Z" end-time="2026-06-23 15:25:23Z" duration="0.008874" total="9" passed="9" failed="0" inconclusive="0" skipped="0" asserts="0">
              <properties />
              <test-suite type="TestFixture" id="1660" name="LogRouterCoreTests" fullname="Change.Framework.Tests.Logging.LogRouterCoreTests" classname="Change.Framework.Tests.Logging.LogRouterCoreTests" runstate="Runnable" testcasecount="5" result="Passed" start-time="2026-06-23 15:25:23Z" end-time="2026-06-23 15:25:23Z" duration="0.005813" total="5" passed="5" failed="0" inconclusive="0" skipped="0" asserts="0">
                <properties />
                <test-case id="1664" name="AddSink_AfterFreeze_ThrowsInvalidOperationException" fullname="Change.Framework.Tests.Logging.LogRouterCoreTests.AddSink_AfterFreeze_ThrowsInvalidOperationException" methodname="AddSink_AfterFreeze_ThrowsInvalidOperationException" classname="Change.Framework.Tests.Logging.LogRouterCoreTests" runstate="Runnable" seed="1884176440" result="Passed" start-time="2026-06-23 15:25:23Z" end-time="2026-06-23 15:25:23Z" duration="0.000386" asserts="0">
                  <properties />
                </test-case>
                <test-case id="1661" name="AddSink_NullSink_ThrowsArgumentNullException" fullname="Change.Framework.Tests.Logging.LogRouterCoreTests.AddSink_NullSink_ThrowsArgumentNullException" methodname="AddSink_NullSink_ThrowsArgumentNullException" classname="Change.Framework.Tests.Logging.LogRouterCoreTests" runstate="Runnable" seed="1446132566" result="Passed" start-time="2026-06-23 15:25:23Z" end-time="2026-06-23 15:25:23Z" duration="0.000108" asserts="0">
                  <properties />
                </test-case>
                <test-case id="1663" name="Debug_WhenMinLevelIsInfo_DoesNotForward" fullname="Change.Framework.Tests.Logging.LogRouterCoreTests.Debug_WhenMinLevelIsInfo_DoesNotForward" methodname="Debug_WhenMinLevelIsInfo_DoesNotForward" classname="Change.Framework.Tests.Logging.LogRouterCoreTests" runstate="Runnable" seed="415425027" result="Passed" start-time="2026-06-23 15:25:23Z" end-time="2026-06-23 15:25:23Z" duration="0.000302" asserts="0">
                  <properties />
                </test-case>
                <test-case id="1662" name="Info_WhenLevelIsEnabled_ForwardsToSink" fullname="Change.Framework.Tests.Logging.LogRouterCoreTests.Info_WhenLevelIsEnabled_ForwardsToSink" methodname="Info_WhenLevelIsEnabled_ForwardsToSink" classname="Change.Framework.Tests.Logging.LogRouterCoreTests" runstate="Runnable" seed="35604004" result="Passed" start-time="2026-06-23 15:25:23Z" end-time="2026-06-23 15:25:23Z" duration="0.000387" asserts="0">
                  <properties />
                </test-case>
                <test-case id="1665" name="NullLogger_AllMethods_DoNotThrow" fullname="Change.Framework.Tests.Logging.LogRouterCoreTests.NullLogger_AllMethods_DoNotThrow" methodname="NullLogger_AllMethods_DoNotThrow" classname="Change.Framework.Tests.Logging.LogRouterCoreTests" runstate="Runnable" seed="1202391856" result="Passed" start-time="2026-06-23 15:25:23Z" end-time="2026-06-23 15:25:23Z" duration="0.000190" asserts="0">
                  <properties />
                </test-case>
              </test-suite>
              <test-suite type="TestFixture" id="1666" name="LogRouterResilienceTests" fullname="Change.Framework.Tests.Logging.LogRouterResilienceTests" classname="Change.Framework.Tests.Logging.LogRouterResilienceTests" runstate="Runnable" testcasecount="4" result="Passed" start-time="2026-06-23 15:25:23Z" end-time="2026-06-23 15:25:23Z" duration="0.002688" total="4" passed="4" failed="0" inconclusive="0" skipped="0" asserts="0">
                <properties />
                <test-case id="1668" name="Freeze_CanBeCalledMoreThanOnce" fullname="Change.Framework.Tests.Logging.LogRouterResilienceTests.Freeze_CanBeCalledMoreThanOnce" methodname="Freeze_CanBeCalledMoreThanOnce" classname="Change.Framework.Tests.Logging.LogRouterResilienceTests" runstate="Runnable" seed="661551170" result="Passed" start-time="2026-06-23 15:25:23Z" end-time="2026-06-23 15:25:23Z" duration="0.000133" asserts="0">
                  <properties />
                </test-case>
                <test-case id="1670" name="MultiSink_UsesPerSinkMinLevelFiltering" fullname="Change.Framework.Tests.Logging.LogRouterResilienceTests.MultiSink_UsesPerSinkMinLevelFiltering" methodname="MultiSink_UsesPerSinkMinLevelFiltering" classname="Change.Framework.Tests.Logging.LogRouterResilienceTests" runstate="Runnable" seed="1097687658" result="Passed" start-time="2026-06-23 15:25:23Z" end-time="2026-06-23 15:25:23Z" duration="0.000203" asserts="0">
                  <properties />
                </test-case>
                <test-case id="1669" name="NullMessage_IsNormalizedToEmptyString" fullname="Change.Framework.Tests.Logging.LogRouterResilienceTests.NullMessage_IsNormalizedToEmptyString" methodname="NullMessage_IsNormalizedToEmptyString" classname="Change.Framework.Tests.Logging.LogRouterResilienceTests" runstate="Runnable" seed="1929957022" result="Passed" start-time="2026-06-23 15:25:23Z" end-time="2026-06-23 15:25:23Z" duration="0.000102" asserts="0">
                  <properties />
                </test-case>
                <test-case id="1667" name="Write_WhenOneSinkThrows_StillWritesToLaterSink" fullname="Change.Framework.Tests.Logging.LogRouterResilienceTests.Write_WhenOneSinkThrows_StillWritesToLaterSink" methodname="Write_WhenOneSinkThrows_StillWritesToLaterSink" classname="Change.Framework.Tests.Logging.LogRouterResilienceTests" runstate="Runnable" seed="938688864" result="Passed" start-time="2026-06-23 15:25:23Z" end-time="2026-06-23 15:25:23Z" duration="0.000179" asserts="0">
                  <properties />
                </test-case>
              </test-suite>
            </test-suite>
            <test-suite type="TestFixture" id="1554" name="MonitoringTests" fullname="Change.Framework.Tests.MonitoringTests" classname="Change.Framework.Tests.MonitoringTests" runstate="Runnable" testcasecount="5" result="Passed" start-time="2026-06-23 15:25:23Z" end-time="2026-06-23 15:25:23Z" duration="0.031006" total="5" passed="5" failed="0" inconclusive="0" skipped="0" asserts="0">
              <properties />
              <test-case id="1559" name="ClearMetrics_RemovesAllEntries" fullname="Change.Framework.Tests.MonitoringTests.ClearMetrics_RemovesAllEntries" methodname="ClearMetrics_RemovesAllEntries" classname="Change.Framework.Tests.MonitoringTests" runstate="Runnable" seed="2101741305" result="Passed" start-time="2026-06-23 15:25:23Z" end-time="2026-06-23 15:25:23Z" duration="0.000514" asserts="0">
                <properties />
              </test-case>
              <test-case id="1556" name="RecordExecution_AboveThreshold_RaisesAlert" fullname="Change.Framework.Tests.MonitoringTests.RecordExecution_AboveThreshold_RaisesAlert" methodname="RecordExecution_AboveThreshold_RaisesAlert" classname="Change.Framework.Tests.MonitoringTests" runstate="Runnable" seed="1147540745" result="Passed" start-time="2026-06-23 15:25:23Z" end-time="2026-06-23 15:25:23Z" duration="0.000381" asserts="0">
                <properties />
              </test-case>
              <test-case id="1555" name="RecordExecution_AggregatesCountDurationAndGc" fullname="Change.Framework.Tests.MonitoringTests.RecordExecution_AggregatesCountDurationAndGc" methodname="RecordExecution_AggregatesCountDurationAndGc" classname="Change.Framework.Tests.MonitoringTests" runstate="Runnable" seed="446504289" result="Passed" start-time="2026-06-23 15:25:23Z" end-time="2026-06-23 15:25:23Z" duration="0.000192" asserts="0">
                <properties />
              </test-case>
              <test-case id="1557" name="RecordExecution_BelowThreshold_DoesNotRaise" fullname="Change.Framework.Tests.MonitoringTests.RecordExecution_BelowThreshold_DoesNotRaise" methodname="RecordExecution_BelowThreshold_DoesNotRaise" classname="Change.Framework.Tests.MonitoringTests" runstate="Runnable" seed="1814348602" result="Passed" start-time="2026-06-23 15:25:23Z" end-time="2026-06-23 15:25:23Z" duration="0.000093" asserts="0">
                <properties />
              </test-case>
              <test-case id="1558" name="RecordExecution_RepeatCallsForSameType_AllocatesZeroBytes" fullname="Change.Framework.Tests.MonitoringTests.RecordExecution_RepeatCallsForSameType_AllocatesZeroBytes" methodname="RecordExecution_RepeatCallsForSameType_AllocatesZeroBytes" classname="Change.Framework.Tests.MonitoringTests" runstate="Runnable" seed="903153875" result="Passed" start-time="2026-06-23 15:25:23Z" end-time="2026-06-23 15:25:23Z" duration="0.026523" asserts="0">
                <properties />
              </test-case>
            </test-suite>
            <test-suite type="TestSuite" id="1719" name="Network" fullname="Change.Framework.Tests.Network" runstate="Runnable" testcasecount="5" result="Passed" start-time="2026-06-23 15:25:23Z" end-time="2026-06-23 15:25:23Z" duration="0.005507" total="5" passed="5" failed="0" inconclusive="0" skipped="0" asserts="0">
              <properties />
              <test-suite type="TestFixture" id="1654" name="NetworkContractsTests" fullname="Change.Framework.Tests.Network.NetworkContractsTests" classname="Change.Framework.Tests.Network.NetworkContractsTests" runstate="Runnable" testcasecount="5" result="Passed" start-time="2026-06-23 15:25:23Z" end-time="2026-06-23 15:25:23Z" duration="0.005003" total="5" passed="5" failed="0" inconclusive="0" skipped="0" asserts="0">
                <properties />
                <test-case id="1659" name="Exceptions_AreInvalidOperationBased" fullname="Change.Framework.Tests.Network.NetworkContractsTests.Exceptions_AreInvalidOperationBased" methodname="Exceptions_AreInvalidOperationBased" classname="Change.Framework.Tests.Network.NetworkContractsTests" runstate="Runnable" seed="136190016" result="Passed" start-time="2026-06-23 15:25:23Z" end-time="2026-06-23 15:25:23Z" duration="0.000103" asserts="0">
                  <properties />
                </test-case>
                <test-case id="1657" name="MockRequestContext_RejectsEmptyDatasetId" fullname="Change.Framework.Tests.Network.NetworkContractsTests.MockRequestContext_RejectsEmptyDatasetId" methodname="MockRequestContext_RejectsEmptyDatasetId" classname="Change.Framework.Tests.Network.NetworkContractsTests" runstate="Runnable" seed="1179689040" result="Passed" start-time="2026-06-23 15:25:23Z" end-time="2026-06-23 15:25:23Z" duration="0.000188" asserts="0">
                  <properties />
                </test-case>
                <test-case id="1655" name="ProtocolEnvelope_RejectsNegativeCmdId" fullname="Change.Framework.Tests.Network.NetworkContractsTests.ProtocolEnvelope_RejectsNegativeCmdId" methodname="ProtocolEnvelope_RejectsNegativeCmdId" classname="Change.Framework.Tests.Network.NetworkContractsTests" runstate="Runnable" seed="430946785" result="Passed" start-time="2026-06-23 15:25:23Z" end-time="2026-06-23 15:25:23Z" duration="0.000182" asserts="0">
                  <properties />
                </test-case>
                <test-case id="1656" name="ProtocolEnvelope_RejectsNullPayload" fullname="Change.Framework.Tests.Network.NetworkContractsTests.ProtocolEnvelope_RejectsNullPayload" methodname="ProtocolEnvelope_RejectsNullPayload" classname="Change.Framework.Tests.Network.NetworkContractsTests" runstate="Runnable" seed="1566375607" result="Passed" start-time="2026-06-23 15:25:23Z" end-time="2026-06-23 15:25:23Z" duration="0.000089" asserts="0">
                  <properties />
                </test-case>
                <test-case id="1658" name="RouteTarget_HasExpectedStableValues" fullname="Change.Framework.Tests.Network.NetworkContractsTests.RouteTarget_HasExpectedStableValues" methodname="RouteTarget_HasExpectedStableValues" classname="Change.Framework.Tests.Network.NetworkContractsTests" runstate="Runnable" seed="341222099" result="Passed" start-time="2026-06-23 15:25:23Z" end-time="2026-06-23 15:25:23Z" duration="0.000061" asserts="0">
                  <properties />
                </test-case>
              </test-suite>
            </test-suite>
            <test-suite type="TestFixture" id="1560" name="PooledAsyncCommandDispatchTests" fullname="Change.Framework.Tests.PooledAsyncCommandDispatchTests" classname="Change.Framework.Tests.PooledAsyncCommandDispatchTests" runstate="Runnable" testcasecount="5" result="Passed" start-time="2026-06-23 15:25:23Z" end-time="2026-06-23 15:25:23Z" duration="0.059223" total="5" passed="5" failed="0" inconclusive="0" skipped="0" asserts="0">
              <properties />
              <test-case id="1562" name="SendAsync_ConfigureSetsFields" fullname="Change.Framework.Tests.PooledAsyncCommandDispatchTests.SendAsync_ConfigureSetsFields" methodname="SendAsync_ConfigureSetsFields" classname="Change.Framework.Tests.PooledAsyncCommandDispatchTests" runstate="Runnable" seed="509618778" result="Passed" start-time="2026-06-23 15:25:23Z" end-time="2026-06-23 15:25:23Z" duration="0.012243" asserts="0">
                <properties>
                  <property name="_JOINTYPE" value="UnityCombinatorial" />
                </properties>
              </test-case>
[...]
                  <properties />
                </test-case>
                <test-case id="1750" name="Register_NullGroup_StoresNull" fullname="Change.Runtime.UI.Tests.WindowRegistryTests.Register_NullGroup_StoresNull" methodname="Register_NullGroup_StoresNull" classname="Change.Runtime.UI.Tests.WindowRegistryTests" runstate="Runnable" seed="1371082552" result="Passed" start-time="2026-06-23 15:25:24Z" end-time="2026-06-23 15:25:24Z" duration="0.000180" asserts="0">
                  <properties />
                </test-case>
                <test-case id="1748" name="TryGetMetadata_NotRegistered_ReturnsFalse" fullname="Change.Runtime.UI.Tests.WindowRegistryTests.TryGetMetadata_NotRegistered_ReturnsFalse" methodname="TryGetMetadata_NotRegistered_ReturnsFalse" classname="Change.Runtime.UI.Tests.WindowRegistryTests" runstate="Runnable" seed="1150271855" result="Passed" start-time="2026-06-23 15:25:24Z" end-time="2026-06-23 15:25:24Z" duration="0.000140" asserts="0">
                  <properties />
                </test-case>
              </test-suite>
              <test-suite type="TestFixture" id="1751" name="WindowRequestTests" fullname="Change.Runtime.UI.Tests.WindowRequestTests" classname="Change.Runtime.UI.Tests.WindowRequestTests" runstate="Runnable" testcasecount="8" result="Passed" start-time="2026-06-23 15:25:24Z" end-time="2026-06-23 15:25:24Z" duration="0.004618" total="8" passed="8" failed="0" inconclusive="0" skipped="0" asserts="0">
                <properties />
                <test-case id="1754" name="Equals_ContextNull_HandlesCorrectly" fullname="Change.Runtime.UI.Tests.WindowRequestTests.Equals_ContextNull_HandlesCorrectly" methodname="Equals_ContextNull_HandlesCorrectly" classname="Change.Runtime.UI.Tests.WindowRequestTests" runstate="Runnable" seed="891280171" result="Passed" start-time="2026-06-23 15:25:24Z" end-time="2026-06-23 15:25:24Z" duration="0.000238" asserts="0">
                  <properties />
                </test-case>
                <test-case id="1756" name="Equals_DisallowMultipleInstances_IgnoresContext" fullname="Change.Runtime.UI.Tests.WindowRequestTests.Equals_DisallowMultipleInstances_IgnoresContext" methodname="Equals_DisallowMultipleInstances_IgnoresContext" classname="Change.Runtime.UI.Tests.WindowRequestTests" runstate="Runnable" seed="797314191" result="Passed" start-time="2026-06-23 15:25:24Z" end-time="2026-06-23 15:25:24Z" duration="0.000246" asserts="0">
                  <properties />
                </test-case>
                <test-case id="1757" name="Equals_GroupDoesNotParticipate" fullname="Change.Runtime.UI.Tests.WindowRequestTests.Equals_GroupDoesNotParticipate" methodname="Equals_GroupDoesNotParticipate" classname="Change.Runtime.UI.Tests.WindowRequestTests" runstate="Runnable" seed="1853412962" result="Passed" start-time="2026-06-23 15:25:24Z" end-time="2026-06-23 15:25:24Z" duration="0.000162" asserts="0">
                  <properties />
                </test-case>
                <test-case id="1755" name="Equals_OneContextNullOneNot_ReturnsFalse" fullname="Change.Runtime.UI.Tests.WindowRequestTests.Equals_OneContextNullOneNot_ReturnsFalse" methodname="Equals_OneContextNullOneNot_ReturnsFalse" classname="Change.Runtime.UI.Tests.WindowRequestTests" runstate="Runnable" seed="67616946" result="Passed" start-time="2026-06-23 15:25:24Z" end-time="2026-06-23 15:25:24Z" duration="0.000154" asserts="0">
                  <properties />
                </test-case>
                <test-case id="1752" name="Equals_SameIdAndContext_ReturnsTrue" fullname="Change.Runtime.UI.Tests.WindowRequestTests.Equals_SameIdAndContext_ReturnsTrue" methodname="Equals_SameIdAndContext_ReturnsTrue" classname="Change.Runtime.UI.Tests.WindowRequestTests" runstate="Runnable" seed="710757218" result="Passed" start-time="2026-06-23 15:25:24Z" end-time="2026-06-23 15:25:24Z" duration="0.000534" asserts="0">
                  <properties />
                </test-case>
                <test-case id="1753" name="Equals_SameIdDifferentContext_ReturnsFalse" fullname="Change.Runtime.UI.Tests.WindowRequestTests.Equals_SameIdDifferentContext_ReturnsFalse" methodname="Equals_SameIdDifferentContext_ReturnsFalse" classname="Change.Runtime.UI.Tests.WindowRequestTests" runstate="Runnable" seed="1965388573" result="Passed" start-time="2026-06-23 15:25:24Z" end-time="2026-06-23 15:25:24Z" duration="0.000194" asserts="0">
                  <properties />
                </test-case>
                <test-case id="1759" name="GetHashCode_StringContext_WorksCorrectly" fullname="Change.Runtime.UI.Tests.WindowRequestTests.GetHashCode_StringContext_WorksCorrectly" methodname="GetHashCode_StringContext_WorksCorrectly" classname="Change.Runtime.UI.Tests.WindowRequestTests" runstate="Runnable" seed="893653653" result="Passed" start-time="2026-06-23 15:25:24Z" end-time="2026-06-23 15:25:24Z" duration="0.000202" asserts="0">
                  <properties />
                </test-case>
                <test-case id="1758" name="GetHashCode_ValueTypeContext_WorksCorrectly" fullname="Change.Runtime.UI.Tests.WindowRequestTests.GetHashCode_ValueTypeContext_WorksCorrectly" methodname="GetHashCode_ValueTypeContext_WorksCorrectly" classname="Change.Runtime.UI.Tests.WindowRequestTests" runstate="Runnable" seed="1962745047" result="Passed" start-time="2026-06-23 15:25:24Z" end-time="2026-06-23 15:25:24Z" duration="0.000232" asserts="0">
                  <properties />
                </test-case>
              </test-suite>
              <test-suite type="TestFixture" id="1760" name="YooUiAssetLoaderTests" fullname="Change.Runtime.UI.Tests.YooUiAssetLoaderTests" classname="Change.Runtime.UI.Tests.YooUiAssetLoaderTests" runstate="Runnable" testcasecount="7" result="Passed" start-time="2026-06-23 15:25:24Z" end-time="2026-06-23 15:25:24Z" duration="0.188760" total="7" passed="7" failed="0" inconclusive="0" skipped="0" asserts="0">
                <properties />
                <test-case id="1765" name="LoadPrefabAsync_Cancellation_DoesNotWrapOperationCanceledException" fullname="Change.Runtime.UI.Tests.YooUiAssetLoaderTests.LoadPrefabAsync_Cancellation_DoesNotWrapOperationCanceledException" methodname="LoadPrefabAsync_Cancellation_DoesNotWrapOperationCanceledException" classname="Change.Runtime.UI.Tests.YooUiAssetLoaderTests" runstate="Runnable" seed="678447801" result="Passed" start-time="2026-06-23 15:25:24Z" end-time="2026-06-23 15:25:24Z" duration="0.008696" asserts="0">
                  <properties>
                    <property name="_JOINTYPE" value="UnityCombinatorial" />
                  </properties>
                </test-case>
                <test-case id="1767" name="LoadPrefabAsync_DisposeLeaseWithReleaseThrow_DoesNotThrow" fullname="Change.Runtime.UI.Tests.YooUiAssetLoaderTests.LoadPrefabAsync_DisposeLeaseWithReleaseThrow_DoesNotThrow" methodname="LoadPrefabAsync_DisposeLeaseWithReleaseThrow_DoesNotThrow" classname="Change.Runtime.UI.Tests.YooUiAssetLoaderTests" runstate="Runnable" seed="636549746" result="Passed" start-time="2026-06-23 15:25:24Z" end-time="2026-06-23 15:25:24Z" duration="0.011649" asserts="0">
                  <properties>
                    <property name="_JOINTYPE" value="UnityCombinatorial" />
                  </properties>
                </test-case>
                <test-case id="1762" name="LoadPrefabAsync_FailedHandle_ThrowsInvalidOperationException" fullname="Change.Runtime.UI.Tests.YooUiAssetLoaderTests.LoadPrefabAsync_FailedHandle_ThrowsInvalidOperationException" methodname="LoadPrefabAsync_FailedHandle_ThrowsInvalidOperationException" classname="Change.Runtime.UI.Tests.YooUiAssetLoaderTests" runstate="Runnable" seed="1993384182" result="Passed" start-time="2026-06-23 15:25:24Z" end-time="2026-06-23 15:25:24Z" duration="0.044083" asserts="0">
                  <properties>
                    <property name="_JOINTYPE" value="UnityCombinatorial" />
                  </properties>
                </test-case>
                <test-case id="1766" name="LoadPrefabAsync_FailedHandleWithReleaseThrow_StillThrowsInvalidOperationException" fullname="Change.Runtime.UI.Tests.YooUiAssetLoaderTests.LoadPrefabAsync_FailedHandleWithReleaseThrow_StillThrowsInvalidOperationException" methodname="LoadPrefabAsync_FailedHandleWithReleaseThrow_StillThrowsInvalidOperationException" classname="Change.Runtime.UI.Tests.YooUiAssetLoaderTests" runstate="Runnable" seed="1376699111" result="Passed" start-time="2026-06-23 15:25:24Z" end-time="2026-06-23 15:25:24Z" duration="0.053032" asserts="0">
                  <properties>
                    <property name="_JOINTYPE" value="UnityCombinatorial" />
                  </properties>
                </test-case>
                <test-case id="1764" name="LoadPrefabAsync_LoadTaskThrow_ThrowsInvalidOperationExceptionWithInnerException" fullname="Change.Runtime.UI.Tests.YooUiAssetLoaderTests.LoadPrefabAsync_LoadTaskThrow_ThrowsInvalidOperationExceptionWithInnerException" methodname="LoadPrefabAsync_LoadTaskThrow_ThrowsInvalidOperationExceptionWithInnerException" classname="Change.Runtime.UI.Tests.YooUiAssetLoaderTests" runstate="Runnable" seed="1126582051" result="Passed" start-time="2026-06-23 15:25:24Z" end-time="2026-06-23 15:25:24Z" duration="0.049534" asserts="0">
                  <properties>
                    <property name="_JOINTYPE" value="UnityCombinatorial" />
                  </properties>
                </test-case>
                <test-case id="1763" name="LoadPrefabAsync_PackageThrow_ThrowsInvalidOperationExceptionWithInnerException" fullname="Change.Runtime.UI.Tests.YooUiAssetLoaderTests.LoadPrefabAsync_PackageThrow_ThrowsInvalidOperationExceptionWithInnerException" methodname="LoadPrefabAsync_PackageThrow_ThrowsInvalidOperationExceptionWithInnerException" classname="Change.Runtime.UI.Tests.YooUiAssetLoaderTests" runstate="Runnable" seed="662985623" result="Passed" start-time="2026-06-23 15:25:24Z" end-time="2026-06-23 15:25:24Z" duration="0.006678" asserts="0">
                  <properties>
                    <property name="_JOINTYPE" value="UnityCombinatorial" />
                  </properties>
                </test-case>
                <test-case id="1761" name="LoadPrefabAsync_SuccessfulPrefabLoad_ReturnsLeaseWithInstance" fullname="Change.Runtime.UI.Tests.YooUiAssetLoaderTests.LoadPrefabAsync_SuccessfulPrefabLoad_ReturnsLeaseWithInstance" methodname="LoadPrefabAsync_SuccessfulPrefabLoad_ReturnsLeaseWithInstance" classname="Change.Runtime.UI.Tests.YooUiAssetLoaderTests" runstate="Runnable" seed="1911176976" result="Passed" start-time="2026-06-23 15:25:24Z" end-time="2026-06-23 15:25:24Z" duration="0.012208" asserts="0">
                  <properties>
                    <property name="_JOINTYPE" value="UnityCombinatorial" />
                  </properties>
                </test-case>
              </test-suite>
            </test-suite>
          </test-suite>
        </test-suite>
      </test-suite>
    </test-suite>
    <test-suite type="Assembly" id="1978" name="GameScript.EditModeTests.dll" fullname="/Users/andy/Workspace/github/andycai/fun/.claude/worktrees/window-manager/UnityProject/Library/ScriptAssemblies/GameScript.EditModeTests.dll" runstate="Runnable" testcasecount="11" result="Passed" start-time="2026-06-23 15:25:24Z" end-time="2026-06-23 15:25:25Z" duration="0.666083" total="11" passed="11" failed="0" inconclusive="0" skipped="0" asserts="0">
      <properties>
        <property name="_PID" value="28916" />
        <property name="_APPDOMAIN" value="Unity Child Domain" />
        <property name="platform" value="EditMode" />
      </properties>
      <test-suite type="TestSuite" id="1979" name="GameScript" fullname="GameScript" runstate="Runnable" testcasecount="11" result="Passed" start-time="2026-06-23 15:25:24Z" end-time="2026-06-23 15:25:25Z" duration="0.664337" total="11" passed="11" failed="0" inconclusive="0" skipped="0" asserts="0">
        <properties />
        <test-suite type="TestSuite" id="1980" name="Tests" fullname="GameScript.Tests" runstate="Runnable" testcasecount="11" result="Passed" start-time="2026-06-23 15:25:24Z" end-time="2026-06-23 15:25:25Z" duration="0.660677" total="11" passed="11" failed="0" inconclusive="0" skipped="0" asserts="0">
          <properties />
          <test-suite type="TestSuite" id="1981" name="Quest" fullname="GameScript.Tests.Quest" runstate="Runnable" testcasecount="11" result="Passed" start-time="2026-06-23 15:25:24Z" end-time="2026-06-23 15:25:25Z" duration="0.656451" total="11" passed="11" failed="0" inconclusive="0" skipped="0" asserts="0">
            <properties />
            <test-suite type="TestFixture" id="1964" name="QuestMigrationTests" fullname="GameScript.Tests.Quest.QuestMigrationTests" classname="GameScript.Tests.Quest.QuestMigrationTests" runstate="Runnable" testcasecount="2" result="Passed" start-time="2026-06-23 15:25:24Z" end-time="2026-06-23 15:25:24Z" duration="0.051075" total="2" passed="2" failed="0" inconclusive="0" skipped="0" asserts="0">
              <properties />
              <test-case id="1966" name="Send_BumpMainQuestProgress_HotPath_AllocatesZeroBytes" fullname="GameScript.Tests.Quest.QuestMigrationTests.Send_BumpMainQuestProgress_HotPath_AllocatesZeroBytes" methodname="Send_BumpMainQuestProgress_HotPath_AllocatesZeroBytes" classname="GameScript.Tests.Quest.QuestMigrationTests" runstate="Runnable" seed="2130046964" result="Passed" start-time="2026-06-23 15:25:24Z" end-time="2026-06-23 15:25:24Z" duration="0.045861" asserts="0">
                <properties />
              </test-case>
              <test-case id="1965" name="Send_BumpMainQuestProgress_SelfHandling_UpdatesStateWithoutRegistration" fullname="GameScript.Tests.Quest.QuestMigrationTests.Send_BumpMainQuestProgress_SelfHandling_UpdatesStateWithoutRegistration" methodname="Send_BumpMainQuestProgress_SelfHandling_UpdatesStateWithoutRegistration" classname="GameScript.Tests.Quest.QuestMigrationTests" runstate="Runnable" seed="673911410" result="Passed" start-time="2026-06-23 15:25:24Z" end-time="2026-06-23 15:25:24Z" duration="0.000151" asserts="0">
                <properties />
              </test-case>
            </test-suite>
            <test-suite type="TestFixture" id="1967" name="QuestSessionStateTests" fullname="GameScript.Tests.Quest.QuestSessionStateTests" classname="GameScript.Tests.Quest.QuestSessionStateTests" runstate="Runnable" testcasecount="7" result="Passed" start-time="2026-06-23 15:25:24Z" end-time="2026-06-23 15:25:24Z" duration="0.004475" total="7" passed="7" failed="0" inconclusive="0" skipped="0" asserts="0">
              <properties />
              <test-case id="1972" name="AdvanceMain_WithoutProgress_Throws" fullname="GameScript.Tests.Quest.QuestSessionStateTests.AdvanceMain_WithoutProgress_Throws" methodname="AdvanceMain_WithoutProgress_Throws" classname="GameScript.Tests.Quest.QuestSessionStateTests" runstate="Runnable" seed="671480443" result="Passed" start-time="2026-06-23 15:25:24Z" end-time="2026-06-23 15:25:24Z" duration="0.000409" asserts="0">
                <properties />
              </test-case>
              <test-case id="1973" name="BumpSide_AfterClaim_Throws" fullname="GameScript.Tests.Quest.QuestSessionStateTests.BumpSide_AfterClaim_Throws" methodname="BumpSide_AfterClaim_Throws" classname="GameScript.Tests.Quest.QuestSessionStateTests" runstate="Runnable" seed="1584729612" result="Passed" start-time="2026-06-23 15:25:24Z" end-time="2026-06-23 15:25:24Z" duration="0.000783" asserts="0">
                <properties />
              </test-case>
              <test-case id="1970" name="Daily_CannotClaimTwice" fullname="GameScript.Tests.Quest.QuestSessionStateTests.Daily_CannotClaimTwice" methodname="Daily_CannotClaimTwice" classname="GameScript.Tests.Quest.QuestSessionStateTests" runstate="Runnable" seed="307571980" result="Passed" start-time="2026-06-23 15:25:24Z" end-time="2026-06-23 15:25:24Z" duration="0.000616" asserts="0">
                <properties />
              </test-case>
              <test-case id="1974" name="GetQuestPanelQuery_ReturnsWalletAndRows" fullname="GameScript.Tests.Quest.QuestSessionStateTests.GetQuestPanelQuery_ReturnsWalletAndRows" methodname="GetQuestPanelQuery_ReturnsWalletAndRows" classname="GameScript.Tests.Quest.QuestSessionStateTests" runstate="Runnable" seed="244446058" result="Passed" start-time="2026-06-23 15:25:24Z" end-time="2026-06-23 15:25:24Z" duration="0.000938" asserts="0">
                <properties />
              </test-case>
              <test-case id="1971" name="MainQuest_FinalStep_CompletesWithoutNextIndex" fullname="GameScript.Tests.Quest.QuestSessionStateTests.MainQuest_FinalStep_CompletesWithoutNextIndex" methodname="MainQuest_FinalStep_CompletesWithoutNextIndex" classname="GameScript.Tests.Quest.QuestSessionStateTests" runstate="Runnable" seed="771814661" result="Passed" start-time="2026-06-23 15:25:24Z" end-time="2026-06-23 15:25:24Z" duration="0.000178" asserts="0">
                <properties />
              </test-case>
              <test-case id="1968" name="MainQuest_Linear_AcrossSteps" fullname="GameScript.Tests.Quest.QuestSessionStateTests.MainQuest_Linear_AcrossSteps" methodname="MainQuest_Linear_AcrossSteps" classname="GameScript.Tests.Quest.QuestSessionStateTests" runstate="Runnable" seed="2052160012" result="Passed" start-time="2026-06-23 15:25:24Z" end-time="2026-06-23 15:25:24Z" duration="0.000141" asserts="0">
                <properties />
              </test-case>
              <test-case id="1969" name="SideQuests_ClaimIndependent" fullname="GameScript.Tests.Quest.QuestSessionStateTests.SideQuests_ClaimIndependent" methodname="SideQuests_ClaimIndependent" classname="GameScript.Tests.Quest.QuestSessionStateTests" runstate="Runnable" seed="1669832853" result="Passed" start-time="2026-06-23 15:25:24Z" end-time="2026-06-23 15:25:24Z" duration="0.000129" asserts="0">
                <properties />
              </test-case>
            </test-suite>
            <test-suite type="TestFixture" id="1975" name="QuestUiRootBuilderTests" fullname="GameScript.Tests.Quest.QuestUiRootBuilderTests" classname="GameScript.Tests.Quest.QuestUiRootBuilderTests" runstate="Runnable" testcasecount="2" result="Passed" start-time="2026-06-23 15:25:24Z" end-time="2026-06-23 15:25:25Z" duration="0.596425" total="2" passed="2" failed="0" inconclusive="0" skipped="0" asserts="0">
              <properties />
              <test-case id="1977" name="BuildQuestRowItem_HasTitleProgressClaim" fullname="GameScript.Tests.Quest.QuestUiRootBuilderTests.BuildQuestRowItem_HasTitleProgressClaim" methodname="BuildQuestRowItem_HasTitleProgressClaim" classname="GameScript.Tests.Quest.QuestUiRootBuilderTests" runstate="Runnable" seed="643709796" result="Passed" start-time="2026-06-23 15:25:24Z" end-time="2026-06-23 15:25:25Z" duration="0.593695" asserts="0">
                <properties />
              </test-case>
              <test-case id="1976" name="BuildRoot_HasExpectedHierarchy" fullname="GameScript.Tests.Quest.QuestUiRootBuilderTests.BuildRoot_HasExpectedHierarchy" methodname="BuildRoot_HasExpectedHierarchy" classname="GameScript.Tests.Quest.QuestUiRootBuilderTests" runstate="Runnable" seed="1010723475" result="Passed" start-time="2026-06-23 15:25:25Z" end-time="2026-06-23 15:25:25Z" duration="0.002126" asserts="0">
                <properties />
              </test-case>
            </test-suite>
          </test-suite>
        </test-suite>
      </test-suite>
    </test-suite>
  </test-suite>
</test-run>